         363774360 function calls (354467063 primitive calls) in 2248.768 seconds

   Ordered by: internal time

   ncalls  tottime  percall  cumtime  percall filename:lineno(function)
    44998 2009.747    0.045 2009.926    0.045 d:\tasc2.4\tasc-lab-master\tasc24\lib\site-packages\fpdf\fpdf.py:1906(_out)
8162725/3881845   16.804    0.000   33.362    0.000 {built-in method numpy.array}
        1   13.324   13.324  219.287  219.287 \\metlab25\d\pybatch\batch_calculations.py:461(_get_msd_info)
     2554   13.287    0.005   13.287    0.005 {built-in method io.open}
  2475382    8.245    0.000   16.973    0.000 d:\tasc2.4\tasc-lab-master\tasc24\lib\site-packages\pandas\core\generic.py:5411(__finalize__)
 43603433    6.763    0.000   10.606    0.000 {built-in method builtins.isinstance}
  2140440    5.583    0.000   29.213    0.000 d:\tasc2.4\tasc-lab-master\tasc24\lib\site-packages\pandas\core\internals\managers.py:1602(get_slice)
  2205478    5.417    0.000   23.951    0.000 d:\tasc2.4\tasc-lab-master\tasc24\lib\site-packages\pandas\core\frame.py:2987(__getitem__)
  2140440    4.827    0.000   96.119    0.000 d:\tasc2.4\tasc-lab-master\tasc24\lib\site-packages\pandas\core\series.py:839(__getitem__)
  2140440    4.611    0.000    8.791    0.000 d:\tasc2.4\tasc-lab-master\tasc24\lib\site-packages\pandas\core\indexes\base.py:3324(_convert_slice_indexer)
  2424143    4.343    0.000    5.484    0.000 d:\tasc2.4\tasc-lab-master\tasc24\lib\site-packages\pandas\core\generic.py:188(__init__)
  3018907    4.219    0.000   13.866    0.000 d:\tasc2.4\tasc-lab-master\tasc24\lib\site-packages\pandas\core\generic.py:5467(__setattr__)
  2461733    4.087    0.000    8.086    0.000 d:\tasc2.4\tasc-lab-master\tasc24\lib\site-packages\pandas\core\internals\blocks.py:127(__init__)
   181225    3.870    0.000    7.242    0.000 d:\tasc2.4\tasc-lab-master\tasc24\lib\site-packages\pandas\core\internals\managers.py:232(_rebuild_blknos_and_blklocs)
6588866/6588806    3.802    0.000    3.811    0.000 d:\tasc2.4\tasc-lab-master\tasc24\lib\site-packages\pandas\core\generic.py:5449(__getattr__)
  2140440    3.522    0.000    6.661    0.000 d:\tasc2.4\tasc-lab-master\tasc24\lib\site-packages\pandas\core\arrays\numpy_.py:156(__init__)
  4448366    3.517    0.000   10.280    0.000 d:\tasc2.4\tasc-lab-master\tasc24\lib\site-packages\pandas\core\series.py:538(name)
 11320905    3.274    0.000    5.100    0.000 d:\tasc2.4\tasc-lab-master\tasc24\lib\site-packages\pandas\core\dtypes\inference.py:322(is_hashable)
  2140440    3.179    0.000   66.408    0.000 d:\tasc2.4\tasc-lab-master\tasc24\lib\site-packages\pandas\core\series.py:935(_get_values)
  2242918    2.974    0.000   10.948    0.000 d:\tasc2.4\tasc-lab-master\tasc24\lib\site-packages\pandas\core\indexes\range.py:757(__getitem__)
  2242948    2.890    0.000    7.990    0.000 d:\tasc2.4\tasc-lab-master\tasc24\lib\site-packages\pandas\core\indexes\range.py:133(_simple_new)
  2140440    2.675    0.000   78.824    0.000 d:\tasc2.4\tasc-lab-master\tasc24\lib\site-packages\pandas\core\series.py:879(_get_with)
  2307926    2.671    0.000   20.636    0.000 d:\tasc2.4\tasc-lab-master\tasc24\lib\site-packages\pandas\core\series.py:238(__init__)
   586856    2.592    0.000    2.617    0.000 {built-in method builtins.sum}
16228733/13667676    2.301    0.000    3.072    0.000 {built-in method builtins.len}
    64978    2.152    0.000   16.978    0.000 d:\tasc2.4\tasc-lab-master\tasc24\lib\site-packages\pandas\core\internals\managers.py:1021(idelete)
  4448366    2.119    0.000    3.519    0.000 d:\tasc2.4\tasc-lab-master\tasc24\lib\site-packages\pandas\core\series.py:488(name)
  2421235    2.103    0.000   10.065    0.000 d:\tasc2.4\tasc-lab-master\tasc24\lib\site-packages\pandas\core\internals\blocks.py:288(make_block_same_class)
  2270366    2.041    0.000    8.781    0.000 d:\tasc2.4\tasc-lab-master\tasc24\lib\site-packages\pandas\core\common.py:75(is_bool_indexer)
 13591421    2.014    0.000    2.014    0.000 {built-in method builtins.hash}
  4499605    1.992    0.000    6.872    0.000 d:\tasc2.4\tasc-lab-master\tasc24\lib\site-packages\pandas\core\dtypes\common.py:1743(validate_all_hashable)
  2140440    1.977    0.000   19.775    0.000 d:\tasc2.4\tasc-lab-master\tasc24\lib\site-packages\pandas\core\series.py:721(__array__)
  2721615    1.956    0.000    2.278    0.000 d:\tasc2.4\tasc-lab-master\tasc24\lib\site-packages\pandas\core\internals\blocks.py:269(mgr_locs)
     2553    1.905    0.001    1.905    0.001 {method 'close' of '_io.BufferedReader' objects}
   129956    1.881    0.000    3.383    0.000 d:\tasc2.4\tasc-lab-master\tasc24\lib\site-packages\numpy\lib\function_base.py:4218(delete)
  6831487    1.784    0.000    2.422    0.000 d:\tasc2.4\tasc-lab-master\tasc24\lib\site-packages\pandas\core\dtypes\generic.py:30(_check)
  2307926    1.705    0.000    2.141    0.000 d:\tasc2.4\tasc-lab-master\tasc24\lib\site-packages\pandas\core\internals\managers.py:1545(__init__)
  4550844    1.691    0.000    5.143    0.000 {built-in method builtins.all}
  4540792    1.662    0.000    1.662    0.000 {built-in method _abc._abc_instancecheck}
  8999210    1.661    0.000    3.211    0.000 d:\tasc2.4\tasc-lab-master\tasc24\lib\site-packages\pandas\core\dtypes\common.py:1762(<genexpr>)
     1876    1.612    0.001    1.612    0.001 {built-in method nt.stat}
  2270516    1.486    0.000    1.674    0.000 d:\tasc2.4\tasc-lab-master\tasc24\lib\site-packages\pandas\core\indexes\base.py:4230(__contains__)
  3067590    1.464    0.000    1.464    0.000 {pandas._libs.lib.is_scalar}
  2205478    1.439    0.000   14.145    0.000 d:\tasc2.4\tasc-lab-master\tasc24\lib\site-packages\pandas\core\generic.py:3783(_get_item_cache)
   687280    1.434    0.000    1.434    0.000 {method 'reduce' of 'numpy.ufunc' objects}
 10333792    1.432    0.000    1.733    0.000 {built-in method builtins.getattr}
  2524312    1.429    0.000    1.687    0.000 d:\tasc2.4\tasc-lab-master\tasc24\lib\site-packages\pandas\core\indexes\base.py:563(_reset_identity)
   194904    1.386    0.000    2.619    0.000 {method 'add' of 'pandas._libs.internals.BlockPlacement' objects}
  2140440    1.374    0.000    9.769    0.000 d:\tasc2.4\tasc-lab-master\tasc24\lib\site-packages\pandas\core\series.py:620(array)
  2140440    1.371    0.000    2.326    0.000 d:\tasc2.4\tasc-lab-master\tasc24\lib\site-packages\pandas\core\arrays\numpy_.py:202(__array__)
  4280880    1.334    0.000    1.743    0.000 d:\tasc2.4\tasc-lab-master\tasc24\lib\site-packages\pandas\core\indexes\base.py:1839(is_integer)
  2294187    1.325    0.000    3.052    0.000 d:\tasc2.4\tasc-lab-master\tasc24\lib\site-packages\pandas\core\indexes\base.py:1239(name)
  2140440    1.312    0.000    7.973    0.000 d:\tasc2.4\tasc-lab-master\tasc24\lib\site-packages\pandas\core\internals\blocks.py:239(array_values)
4967441/2827001    1.220    0.000    8.473    0.000 d:\tasc2.4\tasc-lab-master\tasc24\lib\site-packages\numpy\core\_asarray.py:16(asarray)
  2335284    1.215    0.000    1.215    0.000 d:\tasc2.4\tasc-lab-master\tasc24\lib\site-packages\pandas\core\internals\blocks.py:319(_slice)
  4540792    1.192    0.000    2.853    0.000 c:\users\user\appdata\local\programs\python\python37\lib\abc.py:137(__instancecheck__)
  2475382    1.183    0.000    1.183    0.000 d:\tasc2.4\tasc-lab-master\tasc24\lib\site-packages\pandas\core\flags.py:83(allows_duplicate_labels)
  4475814    1.179    0.000    1.580    0.000 d:\tasc2.4\tasc-lab-master\tasc24\lib\site-packages\pandas\core\common.py:317(apply_if_callable)
765997/506085    1.177    0.000    4.403    0.000 {built-in method numpy.core._multiarray_umath.implement_array_function}
        1    1.172    1.172    1.172    1.172 {method 'write' of '_io.BufferedWriter' objects}
  6616164    1.152    0.000    1.320    0.000 d:\tasc2.4\tasc-lab-master\tasc24\lib\site-packages\pandas\core\indexes\base.py:5296(_validate_indexer)
  2424143    1.140    0.000    1.140    0.000 d:\tasc2.4\tasc-lab-master\tasc24\lib\site-packages\pandas\core\flags.py:47(__init__)
  2270396    1.137    0.000    2.569    0.000 {pandas._libs.lib.is_list_like}
  6421320    0.985    0.000    1.181    0.000 d:\tasc2.4\tasc-lab-master\tasc24\lib\site-packages\pandas\core\indexes\base.py:3342(is_int)
   594914    0.972    0.000    0.972    0.000 {built-in method numpy.arange}
    91797    0.945    0.000    1.107    0.000 d:\tasc2.4\tasc-lab-master\tasc24\lib\site-packages\pandas\core\indexes\base.py:1764(is_unique)
   389778    0.906    0.000    1.612    0.000 d:\tasc2.4\tasc-lab-master\tasc24\lib\site-packages\numpy\core\_asarray.py:223(require)
   464838    0.902    0.000    2.799    0.000 d:\tasc2.4\tasc-lab-master\tasc24\lib\site-packages\pandas\core\indexes\base.py:4279(__getitem__)
  2475382    0.881    0.000    1.952    0.000 d:\tasc2.4\tasc-lab-master\tasc24\lib\site-packages\pandas\core\indexes\base.py:5953(maybe_extract_name)
  4345918    0.878    0.000    0.878    0.000 d:\tasc2.4\tasc-lab-master\tasc24\lib\site-packages\pandas\core\internals\managers.py:1588(_block)
    64978    0.847    0.000    2.504    0.000 d:\tasc2.4\tasc-lab-master\tasc24\lib\site-packages\numpy\lib\index_tricks.py:318(__getitem__)
   121494    0.834    0.000    5.806    0.000 d:\tasc2.4\tasc-lab-master\tasc24\lib\site-packages\pandas\core\algorithms.py:1661(take_nd)
  2140440    0.824    0.000    0.824    0.000 d:\tasc2.4\tasc-lab-master\tasc24\lib\site-packages\pandas\core\arrays\numpy_.py:41(__init__)
  2140440    0.797    0.000   67.204    0.000 d:\tasc2.4\tasc-lab-master\tasc24\lib\site-packages\pandas\core\series.py:834(_slice)
   116217    0.795    0.000    3.900    0.000 d:\tasc2.4\tasc-lab-master\tasc24\lib\site-packages\pandas\core\indexes\base.py:250(__new__)
   613900    0.718    0.000    0.718    0.000 {built-in method numpy.empty}
  2461733    0.707    0.000    0.707    0.000 d:\tasc2.4\tasc-lab-master\tasc24\lib\site-packages\pandas\core\internals\blocks.py:161(_check_ndim)
    64978    0.672    0.000   29.604    0.000 d:\tasc2.4\tasc-lab-master\tasc24\lib\site-packages\pandas\core\frame.py:4604(set_index)
   297412    0.669    0.000    0.679    0.000 {method 'get_loc' of 'pandas._libs.index.IndexEngine' objects}
  5015742    0.665    0.000    0.665    0.000 d:\tasc2.4\tasc-lab-master\tasc24\lib\site-packages\pandas\core\generic.py:248(flags)
   167486    0.640    0.000    6.986    0.000 d:\tasc2.4\tasc-lab-master\tasc24\lib\site-packages\pandas\core\internals\managers.py:998(iget)
   194844    0.639    0.000    1.500    0.000 d:\tasc2.4\tasc-lab-master\tasc24\lib\site-packages\pandas\core\internals\blocks.py:324(getitem_block)
    35742    0.628    0.000    0.628    0.000 {method 'read' of '_io.BufferedReader' objects}
  2475382    0.599    0.000    0.599    0.000 d:\tasc2.4\tasc-lab-master\tasc24\lib\site-packages\pandas\core\generic.py:227(attrs)
  6653694    0.592    0.000    0.592    0.000 {pandas._libs.lib.is_integer}
   129956    0.575    0.000    0.738    0.000 d:\tasc2.4\tasc-lab-master\tasc24\lib\site-packages\numpy\core\numerictypes.py:578(_can_coerce_all)
  2719156    0.554    0.000    0.554    0.000 {built-in method __new__ of type object at 0x00007FF8629C59A0}
   121494    0.539    0.000    1.905    0.000 d:\tasc2.4\tasc-lab-master\tasc24\lib\site-packages\pandas\core\dtypes\cast.py:542(maybe_promote)
  2205448    0.523    0.000    3.038    0.000 d:\tasc2.4\tasc-lab-master\tasc24\lib\site-packages\pandas\core\dtypes\inference.py:185(is_array_like)
  3678919    0.504    0.000    0.504    0.000 d:\tasc2.4\tasc-lab-master\tasc24\lib\site-packages\pandas\core\internals\blocks.py:265(mgr_locs)
   427428    0.502    0.000    1.315    0.000 d:\tasc2.4\tasc-lab-master\tasc24\lib\site-packages\pandas\core\internals\managers.py:206(shape)
   294347    0.497    0.000    1.212    0.000 d:\tasc2.4\tasc-lab-master\tasc24\lib\site-packages\numpy\core\_dtype.py:333(_name_get)
    40498    0.491    0.000    0.491    0.000 {pandas._libs.algos.take_2d_axis1_float64_float64}
   121494    0.488    0.000    1.637    0.000 d:\tasc2.4\tasc-lab-master\tasc24\lib\site-packages\pandas\core\algorithms.py:1534(_get_take_nd_function)
   651393    0.479    0.000    1.136    0.000 d:\tasc2.4\tasc-lab-master\tasc24\lib\site-packages\pandas\core\dtypes\common.py:1470(is_extension_array_dtype)
    64948    0.436    0.000    6.802    0.000 d:\tasc2.4\tasc-lab-master\tasc24\lib\site-packages\pandas\core\generic.py:3606(xs)
   281364    0.435    0.000    0.729    0.000 d:\tasc2.4\tasc-lab-master\tasc24\lib\site-packages\pandas\core\indexes\base.py:425(_simple_new)
  4507820    0.430    0.000    0.430    0.000 d:\tasc2.4\tasc-lab-master\tasc24\lib\site-packages\pandas\core\indexes\numeric.py:272(inferred_type)
   651393    0.409    0.000    0.554    0.000 d:\tasc2.4\tasc-lab-master\tasc24\lib\site-packages\pandas\core\dtypes\base.py:411(find)
  2140440    0.408    0.000    0.408    0.000 d:\tasc2.4\tasc-lab-master\tasc24\lib\site-packages\pandas\core\internals\managers.py:1611(index)
  4508127    0.405    0.000    0.405    0.000 {built-in method builtins.callable}
    51299    0.400    0.000    0.515    0.000 {pandas._libs.lib.infer_dtype}
  2613051    0.397    0.000    0.397    0.000 d:\tasc2.4\tasc-lab-master\tasc24\lib\site-packages\pandas\core\indexes\base.py:1232(name)
    64978    0.390    0.000    0.390    0.000 {method 'cumsum' of 'numpy.ndarray' objects}
    64978    0.370    0.000   17.671    0.000 d:\tasc2.4\tasc-lab-master\tasc24\lib\site-packages\pandas\core\generic.py:3940(__delitem__)
  2540360    0.359    0.000    0.359    0.000 d:\tasc2.4\tasc-lab-master\tasc24\lib\site-packages\pandas\core\flags.py:51(allows_duplicate_labels)
    51239    0.357    0.000   17.510    0.000 d:\tasc2.4\tasc-lab-master\tasc24\lib\site-packages\pandas\core\generic.py:4564(reindex)
   121494    0.356    0.000    7.893    0.000 d:\tasc2.4\tasc-lab-master\tasc24\lib\site-packages\pandas\core\internals\blocks.py:1378(take_nd)
  2401220    0.334    0.000    0.334    0.000 {method 'get' of 'dict' objects}
   167486    0.328    0.000    3.152    0.000 d:\tasc2.4\tasc-lab-master\tasc24\lib\site-packages\pandas\core\frame.py:3306(_box_col_values)
  2140440    0.326    0.000    0.326    0.000 d:\tasc2.4\tasc-lab-master\tasc24\lib\site-packages\pandas\core\series.py:422(_constructor)
   626574    0.318    0.000    0.318    0.000 {built-in method builtins.hasattr}
   521384    0.306    0.000    1.136    0.000 d:\tasc2.4\tasc-lab-master\tasc24\lib\site-packages\pandas\core\dtypes\base.py:254(is_dtype)
  1258163    0.305    0.000    0.403    0.000 d:\tasc2.4\tasc-lab-master\tasc24\lib\site-packages\pandas\core\indexes\base.py:600(__len__)
   297412    0.301    0.000    2.107    0.000 d:\tasc2.4\tasc-lab-master\tasc24\lib\site-packages\pandas\core\indexes\base.py:3036(get_loc)
    51239    0.297    0.000    5.379    0.000 d:\tasc2.4\tasc-lab-master\tasc24\lib\site-packages\pandas\core\indexes\base.py:3478(reindex)
    32313    0.290    0.000    0.290    0.000 {method 'copy' of 'numpy.ndarray' objects}
   665036    0.284    0.000    0.768    0.000 d:\tasc2.4\tasc-lab-master\tasc24\lib\site-packages\pandas\core\frame.py:1158(__len__)
    51239    0.283    0.000   10.161    0.000 d:\tasc2.4\tasc-lab-master\tasc24\lib\site-packages\pandas\core\generic.py:4854(_reindex_with_indexers)
  2672140    0.282    0.000    0.282    0.000 {built-in method builtins.issubclass}
    40498    0.278    0.000    0.365    0.000 {method 'get_indexer' of 'pandas._libs.index.IndexEngine' objects}
   586406    0.278    0.000    0.278    0.000 {built-in method builtins.max}
  1282284    0.276    0.000    0.813    0.000 d:\tasc2.4\tasc-lab-master\tasc24\lib\site-packages\pandas\core\internals\managers.py:208(<genexpr>)
    64948    0.264    0.000    3.529    0.000 d:\tasc2.4\tasc-lab-master\tasc24\lib\site-packages\pandas\core\generic.py:3803(_slice)
    64978    0.260    0.000    3.383    0.000 d:\tasc2.4\tasc-lab-master\tasc24\lib\site-packages\pandas\core\internals\managers.py:1951(_fast_count_smallints)
  2524312    0.258    0.000    0.258    0.000 c:\users\user\appdata\local\programs\python\python37\lib\typing.py:1436(new_type)
   297412    0.256    0.000    1.128    0.000 d:\tasc2.4\tasc-lab-master\tasc24\lib\site-packages\pandas\core\indexes\base.py:5287(_maybe_cast_indexer)
   116217    0.255    0.000    0.567    0.000 d:\tasc2.4\tasc-lab-master\tasc24\lib\site-packages\pandas\core\internals\managers.py:126(__init__)
   389778    0.251    0.000    0.312    0.000 d:\tasc2.4\tasc-lab-master\tasc24\lib\site-packages\numpy\core\_asarray.py:300(<setcomp>)
  2270426    0.249    0.000    0.249    0.000 {pandas._libs.lib.item_from_zerodim}
    64948    0.248    0.000    7.596    0.000 d:\tasc2.4\tasc-lab-master\tasc24\lib\site-packages\pandas\core\indexing.py:1092(_getitem_axis)
   102478    0.240    0.000    1.626    0.000 d:\tasc2.4\tasc-lab-master\tasc24\lib\site-packages\pandas\core\indexes\base.py:4393(equals)
    51239    0.227    0.000    0.486    0.000 d:\tasc2.4\tasc-lab-master\tasc24\lib\site-packages\pandas\core\indexes\base.py:1250(_validate_names)
   505336    0.227    0.000    1.113    0.000 d:\tasc2.4\tasc-lab-master\tasc24\lib\site-packages\pandas\core\indexes\base.py:5836(ensure_index)
  2410464    0.226    0.000    0.226    0.000 d:\tasc2.4\tasc-lab-master\tasc24\lib\site-packages\pandas\core\internals\blocks.py:147(_maybe_coerce_values)
    64978    0.215    0.000    0.589    0.000 d:\tasc2.4\tasc-lab-master\tasc24\lib\site-packages\pandas\core\indexes\numeric.py:47(__new__)
   140637    0.214    0.000    0.725    0.000 d:\tasc2.4\tasc-lab-master\tasc24\lib\site-packages\pandas\core\indexes\numeric.py:107(_shallow_copy)
   305395    0.214    0.000    0.415    0.000 d:\tasc2.4\tasc-lab-master\tasc24\lib\site-packages\pandas\core\dtypes\common.py:1610(_is_dtype_type)
   216386    0.214    0.000    0.831    0.000 d:\tasc2.4\tasc-lab-master\tasc24\lib\site-packages\pandas\core\indexes\base.py:510(_shallow_copy)
   567376    0.213    0.000    0.291    0.000 d:\tasc2.4\tasc-lab-master\tasc24\lib\site-packages\pandas\core\common.py:129(cast_scalar_indexer)
    64948    0.206    0.000    2.558    0.000 d:\tasc2.4\tasc-lab-master\tasc24\lib\site-packages\pandas\core\internals\managers.py:776(get_slice)
   116277    0.200    0.000    0.349    0.000 d:\tasc2.4\tasc-lab-master\tasc24\lib\site-packages\pandas\core\indexes\base.py:574(_engine)
    64978    0.198    0.000    3.388    0.000 d:\tasc2.4\tasc-lab-master\tasc24\lib\site-packages\pandas\core\indexes\base.py:5796(ensure_index_from_sequences)
129896/64948    0.197    0.000    7.737    0.000 d:\tasc2.4\tasc-lab-master\tasc24\lib\site-packages\pandas\core\indexing.py:882(__getitem__)
   129926    0.196    0.000    0.697    0.000 d:\tasc2.4\tasc-lab-master\tasc24\lib\site-packages\pandas\core\generic.py:668(_set_axis)
   637858    0.183    0.000    0.246    0.000 d:\tasc2.4\tasc-lab-master\tasc24\lib\site-packages\pandas\core\indexes\range.py:747(__len__)
  2256627    0.182    0.000    0.182    0.000 {pandas._libs.lib.is_iterator}
    40498    0.182    0.000    0.976    0.000 d:\tasc2.4\tasc-lab-master\tasc24\lib\site-packages\pandas\core\indexes\base.py:3142(get_indexer)
   246083    0.181    0.000    0.244    0.000 d:\tasc2.4\tasc-lab-master\tasc24\lib\site-packages\pandas\core\generic.py:470(_get_axis)
   362450    0.173    0.000    0.173    0.000 {method 'fill' of 'numpy.ndarray' objects}
     2553    0.172    0.000 1555.338    0.609 d:\tasc2.4\tasc-lab-master\tasc24\lib\site-packages\fpdf\fpdf.py:1519(_putimage)
    51239    0.169    0.000   17.933    0.000 d:\tasc2.4\tasc-lab-master\tasc24\lib\site-packages\pandas\core\frame.py:4157(reindex)
   540520    0.165    0.000    0.203    0.000 d:\tasc2.4\tasc-lab-master\tasc24\lib\site-packages\pandas\core\dtypes\common.py:1575(get_dtype)
   259882    0.164    0.000    0.164    0.000 {method 'nonzero' of 'numpy.ndarray' objects}
   116217    0.162    0.000    0.542    0.000 d:\tasc2.4\tasc-lab-master\tasc24\lib\site-packages\pandas\core\frame.py:502(__init__)
    51239    0.162    0.000    9.192    0.000 d:\tasc2.4\tasc-lab-master\tasc24\lib\site-packages\pandas\core\internals\managers.py:1260(reindex_indexer)
   129926    0.161    0.000    0.350    0.000 d:\tasc2.4\tasc-lab-master\tasc24\lib\site-packages\pandas\core\internals\managers.py:214(set_axis)
    64978    0.160    0.000    1.846    0.000 {method 'delete' of 'pandas._libs.internals.BlockPlacement' objects}
   294347    0.158    0.000    0.522    0.000 d:\tasc2.4\tasc-lab-master\tasc24\lib\site-packages\numpy\core\_dtype.py:319(_name_includes_bit_suffix)
        1    0.154    0.154 1555.493 1555.493 d:\tasc2.4\tasc-lab-master\tasc24\lib\site-packages\fpdf\fpdf.py:1507(_putimages)
    64978    0.153    0.000    4.256    0.000 d:\tasc2.4\tasc-lab-master\tasc24\lib\site-packages\pandas\core\internals\blocks.py:365(delete)
   167486    0.150    0.000    0.171    0.000 d:\tasc2.4\tasc-lab-master\tasc24\lib\site-packages\pandas\core\series.py:439(_set_axis)
   324104    0.149    0.000    0.206    0.000 d:\tasc2.4\tasc-lab-master\tasc24\lib\site-packages\numpy\core\numerictypes.py:293(issubclass_)
   162052    0.146    0.000    0.363    0.000 d:\tasc2.4\tasc-lab-master\tasc24\lib\site-packages\numpy\core\numerictypes.py:365(issubdtype)
    40498    0.145    0.000    0.145    0.000 {pandas._libs.algos.take_2d_axis1_int64_float64}
   226970    0.145    0.000    0.309    0.000 d:\tasc2.4\tasc-lab-master\tasc24\lib\site-packages\pandas\core\dtypes\common.py:615(is_dtype_equal)
   416627    0.143    0.000    1.173    0.000 d:\tasc2.4\tasc-lab-master\tasc24\lib\site-packages\numpy\core\_methods.py:44(_any)
   221723    0.140    0.000    0.848    0.000 {method 'any' of 'numpy.ndarray' objects}
    51239    0.139    0.000    0.220    0.000 d:\tasc2.4\tasc-lab-master\tasc24\lib\site-packages\pandas\core\generic.py:424(_construct_axes_from_arguments)
   337910    0.139    0.000    0.417    0.000 <frozen importlib._bootstrap>:1009(_handle_fromlist)
    64948    0.138    0.000    3.864    0.000 d:\tasc2.4\tasc-lab-master\tasc24\lib\site-packages\pandas\core\indexing.py:1505(_get_slice_axis)
   297412    0.137    0.000    0.709    0.000 d:\tasc2.4\tasc-lab-master\tasc24\lib\site-packages\pandas\core\indexes\base.py:1875(is_floating)
    40498    0.134    0.000    8.054    0.000 d:\tasc2.4\tasc-lab-master\tasc24\lib\site-packages\pandas\core\internals\managers.py:1312(<listcomp>)
    40498    0.133    0.000    0.844    0.000 d:\tasc2.4\tasc-lab-master\tasc24\lib\site-packages\pandas\core\internals\blocks.py:2672(get_block_type)
    64978    0.131    0.000    0.929    0.000 d:\tasc2.4\tasc-lab-master\tasc24\lib\site-packages\numpy\core\numerictypes.py:602(find_common_type)
     2692    0.131    0.000    0.131    0.000 {method 'decode' of 'bytes' objects}
       89    0.129    0.001    0.129    0.001 {built-in method nt.mkdir}
    51239    0.128    0.000    0.215    0.000 d:\tasc2.4\tasc-lab-master\tasc24\lib\site-packages\pandas\util\_validators.py:248(validate_axis_style_args)
   194934    0.125    0.000    0.272    0.000 <__array_function__ internals>:2(ndim)
   129956    0.125    0.000    0.570    0.000 d:\tasc2.4\tasc-lab-master\tasc24\lib\site-packages\numpy\core\numeric.py:159(ones)
   116187    0.124    0.000    0.658    0.000 d:\tasc2.4\tasc-lab-master\tasc24\lib\site-packages\pandas\core\generic.py:5522(_protect_consolidate)
   105476    0.124    0.000    0.345    0.000 d:\tasc2.4\tasc-lab-master\tasc24\lib\site-packages\pandas\core\dtypes\dtypes.py:1132(is_dtype)
   454127    0.123    0.000    0.156    0.000 d:\tasc2.4\tasc-lab-master\tasc24\lib\site-packages\pandas\core\internals\managers.py:210(ndim)
    51239    0.121    0.000   15.662    0.000 d:\tasc2.4\tasc-lab-master\tasc24\lib\site-packages\pandas\core\frame.py:4028(_reindex_index)
   478457    0.121    0.000    0.121    0.000 d:\tasc2.4\tasc-lab-master\tasc24\lib\site-packages\pandas\core\generic.py:456(_get_axis_number)
   649780    0.120    0.000    0.120    0.000 d:\tasc2.4\tasc-lab-master\tasc24\lib\site-packages\numpy\core\numerictypes.py:587(<listcomp>)
   130016    0.120    0.000    0.220    0.000 d:\tasc2.4\tasc-lab-master\tasc24\lib\site-packages\pandas\core\dtypes\common.py:429(is_timedelta64_dtype)
   132415    0.117    0.000    0.291    0.000 d:\tasc2.4\tasc-lab-master\tasc24\lib\site-packages\pandas\core\dtypes\common.py:201(is_object_dtype)
   126958    0.117    0.000    0.381    0.000 d:\tasc2.4\tasc-lab-master\tasc24\lib\site-packages\pandas\core\dtypes\dtypes.py:923(is_dtype)
    65038    0.115    0.000    0.115    0.000 {method 'astype' of 'numpy.ndarray' objects}
    51239    0.114    0.000    0.638    0.000 d:\tasc2.4\tasc-lab-master\tasc24\lib\site-packages\pandas\core\dtypes\missing.py:367(array_equivalent)
    40498    0.113    0.000    0.113    0.000 {pandas._libs.algos.take_2d_axis0_object_object}
   183474    0.112    0.000    0.526    0.000 d:\tasc2.4\tasc-lab-master\tasc24\lib\site-packages\pandas\core\dtypes\common.py:388(is_datetime64tz_dtype)
   116217    0.112    0.000    0.200    0.000 d:\tasc2.4\tasc-lab-master\tasc24\lib\site-packages\pandas\core\internals\managers.py:132(<listcomp>)
   232464    0.110    0.000    5.217    0.000 d:\tasc2.4\tasc-lab-master\tasc24\lib\site-packages\pandas\core\internals\managers.py:157(blknos)
    64978    0.109    0.000    0.109    0.000 {built-in method numpy.zeros}
   167486    0.109    0.000    0.329    0.000 d:\tasc2.4\tasc-lab-master\tasc24\lib\site-packages\pandas\core\generic.py:3409(_set_as_cached)
    64948    0.108    0.000    1.608    0.000 d:\tasc2.4\tasc-lab-master\tasc24\lib\site-packages\pandas\core\internals\managers.py:782(<listcomp>)
   191936    0.108    0.000    0.505    0.000 d:\tasc2.4\tasc-lab-master\tasc24\lib\site-packages\pandas\core\dtypes\common.py:463(is_period_dtype)
    51239    0.107    0.000    0.980    0.000 d:\tasc2.4\tasc-lab-master\tasc24\lib\site-packages\pandas\core\indexes\range.py:408(copy)
   170454    0.106    0.000    0.400    0.000 d:\tasc2.4\tasc-lab-master\tasc24\lib\site-packages\pandas\core\dtypes\common.py:537(is_categorical_dtype)
   270653    0.106    0.000    0.581    0.000 {method 'all' of 'numpy.ndarray' objects}
    65158    0.104    0.000    0.342    0.000 d:\tasc2.4\tasc-lab-master\tasc24\lib\site-packages\pandas\core\dtypes\common.py:1341(is_bool_dtype)
   116187    0.104    0.000    0.515    0.000 d:\tasc2.4\tasc-lab-master\tasc24\lib\site-packages\pandas\core\generic.py:5538(f)
   121494    0.103    0.000    0.393    0.000 d:\tasc2.4\tasc-lab-master\tasc24\lib\site-packages\pandas\core\dtypes\cast.py:698(_ensure_dtype_type)
   170454    0.101    0.000    0.460    0.000 d:\tasc2.4\tasc-lab-master\tasc24\lib\site-packages\pandas\core\dtypes\common.py:499(is_interval_dtype)
   167486    0.099    0.000    0.099    0.000 d:\tasc2.4\tasc-lab-master\tasc24\lib\site-packages\pandas\core\internals\blocks.py:351(iget)
    51239    0.098    0.000   15.760    0.000 d:\tasc2.4\tasc-lab-master\tasc24\lib\site-packages\pandas\core\frame.py:4011(_reindex_axes)
   129956    0.096    0.000    3.626    0.000 <__array_function__ internals>:2(delete)
   194844    0.094    0.000    0.127    0.000 d:\tasc2.4\tasc-lab-master\tasc24\lib\site-packages\pandas\core\internals\blocks.py:114(_simple_new)
    51239    0.091    0.000    0.273    0.000 d:\tasc2.4\tasc-lab-master\tasc24\lib\site-packages\pandas\core\indexes\range.py:152(_data)
   688870    0.090    0.000    0.090    0.000 {pandas._libs.lib.is_float}
    51269    0.090    0.000    0.200    0.000 d:\tasc2.4\tasc-lab-master\tasc24\lib\site-packages\pandas\core\internals\managers.py:689(_consolidate_check)
  1067523    0.086    0.000    0.086    0.000 {method 'append' of 'list' objects}
   294347    0.085    0.000    0.085    0.000 d:\tasc2.4\tasc-lab-master\tasc24\lib\site-packages\numpy\core\_dtype.py:36(_kind_name)
   129956    0.085    0.000    0.295    0.000 <__array_function__ internals>:2(copyto)
    64978    0.085    0.000    0.292    0.000 d:\tasc2.4\tasc-lab-master\tasc24\lib\site-packages\pandas\core\indexes\base.py:570(_cleanup)
   129896    0.085    0.000    0.162    0.000 d:\tasc2.4\tasc-lab-master\tasc24\lib\site-packages\pandas\core\generic.py:3834(_set_is_copy)
    51239    0.082    0.000    0.195    0.000 d:\tasc2.4\tasc-lab-master\tasc24\lib\site-packages\pandas\core\generic.py:4841(_needs_reindex_multi)
   129956    0.081    0.000    0.186    0.000 <__array_function__ internals>:2(can_cast)
   162052    0.081    0.000    0.081    0.000 {method 'format' of 'str' objects}
   102478    0.080    0.000    0.252    0.000 d:\tasc2.4\tasc-lab-master\tasc24\lib\site-packages\pandas\core\generic.py:4798(<genexpr>)
    40498    0.079    0.000    1.089    0.000 d:\tasc2.4\tasc-lab-master\tasc24\lib\site-packages\pandas\core\internals\blocks.py:2721(make_block)
   116187    0.079    0.000    0.102    0.000 d:\tasc2.4\tasc-lab-master\tasc24\lib\site-packages\pandas\core\generic.py:476(_get_block_manager_axis)
   332064    0.079    0.000    0.352    0.000 d:\tasc2.4\tasc-lab-master\tasc24\lib\site-packages\pandas\core\indexes\base.py:4070(_values)
    40498    0.079    0.000    0.259    0.000 d:\tasc2.4\tasc-lab-master\tasc24\lib\site-packages\pandas\core\indexes\base.py:5011(_maybe_promote)
   116187    0.077    0.000    0.735    0.000 d:\tasc2.4\tasc-lab-master\tasc24\lib\site-packages\pandas\core\generic.py:5534(_consolidate_inplace)
    51239    0.076    0.000    0.379    0.000 d:\tasc2.4\tasc-lab-master\tasc24\lib\site-packages\pandas\core\indexes\range.py:115(from_range)
   129956    0.075    0.000    0.075    0.000 {method 'transpose' of 'numpy.ndarray' objects}
   156685    0.073    0.000    0.274    0.000 d:\tasc2.4\tasc-lab-master\tasc24\lib\site-packages\pandas\core\internals\managers.py:681(is_consolidated)
   270653    0.070    0.000    0.474    0.000 d:\tasc2.4\tasc-lab-master\tasc24\lib\site-packages\numpy\core\_methods.py:47(_all)
    64948    0.070    0.000    6.872    0.000 d:\tasc2.4\tasc-lab-master\tasc24\lib\site-packages\pandas\core\indexing.py:1071(_get_label)
   132235    0.070    0.000    0.070    0.000 d:\tasc2.4\tasc-lab-master\tasc24\lib\site-packages\pandas\core\indexes\range.py:313(dtype)
    51269    0.070    0.000    0.101    0.000 d:\tasc2.4\tasc-lab-master\tasc24\lib\site-packages\pandas\core\internals\managers.py:690(<listcomp>)
     2692    0.069    0.000  358.635    0.133 d:\tasc2.4\tasc-lab-master\tasc24\lib\site-packages\fpdf\fpdf.py:1901(_putstream)
   129956    0.069    0.000    0.083    0.000 d:\tasc2.4\tasc-lab-master\tasc24\lib\site-packages\pandas\core\dtypes\common.py:912(is_datetime64_any_dtype)
    64978    0.068    0.000    0.451    0.000 <__array_function__ internals>:2(bincount)
   129956    0.067    0.000    0.093    0.000 d:\tasc2.4\tasc-lab-master\tasc24\lib\site-packages\pandas\core\generic.py:3485(_clear_item_cache)
    10771    0.067    0.000    0.643    0.000 d:\tasc2.4\tasc-lab-master\tasc24\lib\site-packages\pandas\core\internals\managers.py:376(apply)
   240357    0.066    0.000    0.102    0.000 d:\tasc2.4\tasc-lab-master\tasc24\lib\site-packages\pandas\core\dtypes\common.py:187(<lambda>)
   563629    0.066    0.000    0.066    0.000 {method 'pop' of 'dict' objects}
    51239    0.066    0.000    0.081    0.000 d:\tasc2.4\tasc-lab-master\tasc24\lib\site-packages\pandas\core\indexes\frozen.py:66(__getitem__)
   156775    0.065    0.000    0.093    0.000 d:\tasc2.4\tasc-lab-master\tasc24\lib\site-packages\pandas\core\indexes\base.py:4096(_get_engine_target)
    65038    0.064    0.000    0.194    0.000 d:\tasc2.4\tasc-lab-master\tasc24\lib\site-packages\pandas\core\dtypes\common.py:757(is_signed_integer_dtype)
   390397    0.061    0.000    0.061    0.000 {method 'upper' of 'str' objects}
   102478    0.061    0.000    0.073    0.000 d:\tasc2.4\tasc-lab-master\tasc24\lib\site-packages\pandas\core\indexes\base.py:1281(_get_names)
   275301    0.060    0.000    0.060    0.000 d:\tasc2.4\tasc-lab-master\tasc24\lib\site-packages\pandas\core\internals\blocks.py:347(dtype)
   116187    0.059    0.000    0.321    0.000 d:\tasc2.4\tasc-lab-master\tasc24\lib\site-packages\pandas\core\internals\managers.py:975(consolidate)
    64948    0.059    0.000    0.124    0.000 d:\tasc2.4\tasc-lab-master\tasc24\lib\site-packages\pandas\core\indexes\base.py:3314(_validate_positional_slice)
    40498    0.058    0.000    0.120    0.000 d:\tasc2.4\tasc-lab-master\tasc24\lib\site-packages\pandas\core\dtypes\common.py:231(is_sparse)
      140    0.057    0.000    0.057    0.000 {method 'encode' of 'str' objects}
   259912    0.056    0.000    0.056    0.000 d:\tasc2.4\tasc-lab-master\tasc24\lib\site-packages\pandas\core\internals\managers.py:1053(<genexpr>)
    64978    0.056    0.000    0.324    0.000 <__array_function__ internals>:2(concatenate)
   121554    0.055    0.000    0.184    0.000 d:\tasc2.4\tasc-lab-master\tasc24\lib\site-packages\pandas\core\construction.py:354(extract_array)
   102478    0.055    0.000    0.077    0.000 d:\tasc2.4\tasc-lab-master\tasc24\lib\site-packages\pandas\core\indexes\base.py:532(is_)
    64948    0.051    0.000    3.920    0.000 d:\tasc2.4\tasc-lab-master\tasc24\lib\site-packages\pandas\core\indexing.py:1479(_getitem_axis)
    64978    0.050    0.000    0.050    0.000 d:\tasc2.4\tasc-lab-master\tasc24\lib\site-packages\numpy\core\numerictypes.py:654(<listcomp>)
    65038    0.050    0.000    0.077    0.000 d:\tasc2.4\tasc-lab-master\tasc24\lib\site-packages\pandas\core\internals\managers.py:1626(internal_values)
    51269    0.049    0.000    0.306    0.000 d:\tasc2.4\tasc-lab-master\tasc24\lib\site-packages\pandas\core\indexes\range.py:395(_shallow_copy)
    65038    0.048    0.000    0.063    0.000 d:\tasc2.4\tasc-lab-master\tasc24\lib\site-packages\pandas\core\dtypes\common.py:195(<lambda>)
    80996    0.047    0.000    0.085    0.000 d:\tasc2.4\tasc-lab-master\tasc24\lib\site-packages\pandas\core\dtypes\missing.py:133(_isna)
   240357    0.047    0.000    0.047    0.000 d:\tasc2.4\tasc-lab-master\tasc24\lib\site-packages\pandas\core\dtypes\common.py:185(classes)
    91737    0.046    0.000    0.068    0.000 d:\tasc2.4\tasc-lab-master\tasc24\lib\site-packages\pandas\core\missing.py:721(clean_reindex_fill_method)
    51299    0.044    0.000    0.566    0.000 d:\tasc2.4\tasc-lab-master\tasc24\lib\site-packages\pandas\core\indexes\base.py:2127(inferred_type)
    51239    0.043    0.000    0.043    0.000 {built-in method builtins.sorted}
    64978    0.043    0.000    0.062    0.000 d:\tasc2.4\tasc-lab-master\tasc24\lib\site-packages\pandas\core\generic.py:3978(_check_inplace_and_allows_duplicate_labels)
   129956    0.042    0.000    0.042    0.000 {built-in method numpy.core._multiarray_umath.normalize_axis_index}
    51239    0.042    0.000    0.063    0.000 d:\tasc2.4\tasc-lab-master\tasc24\lib\site-packages\pandas\core\generic.py:464(_get_axis_name)
    51239    0.041    0.000   17.974    0.000 d:\tasc2.4\tasc-lab-master\tasc24\lib\site-packages\pandas\util\_decorators.py:310(wrapper)
    51269    0.040    0.000    0.284    0.000 d:\tasc2.4\tasc-lab-master\tasc24\lib\site-packages\pandas\core\internals\managers.py:150(from_blocks)
    64948    0.039    0.000    0.039    0.000 d:\tasc2.4\tasc-lab-master\tasc24\lib\site-packages\pandas\core\indexing.py:240(loc)
    42964    0.039    0.000    0.266    0.000 d:\tasc2.4\tasc-lab-master\tasc24\lib\site-packages\pandas\core\dtypes\common.py:1187(needs_i8_conversion)
   194934    0.039    0.000    0.039    0.000 d:\tasc2.4\tasc-lab-master\tasc24\lib\site-packages\numpy\core\fromnumeric.py:3037(ndim)
   167486    0.038    0.000    0.038    0.000 d:\tasc2.4\tasc-lab-master\tasc24\lib\site-packages\pandas\core\internals\managers.py:173(blklocs)
    40498    0.038    0.000    0.108    0.000 <__array_function__ internals>:2(min_scalar_type)
    80996    0.037    0.000    0.536    0.000 d:\tasc2.4\tasc-lab-master\tasc24\lib\site-packages\pandas\core\indexes\base.py:5001(_index_as_unique)
    51239    0.037    0.000    0.053    0.000 d:\tasc2.4\tasc-lab-master\tasc24\lib\site-packages\pandas\core\generic.py:453(<dictcomp>)
    64948    0.036    0.000    0.067    0.000 d:\tasc2.4\tasc-lab-master\tasc24\lib\site-packages\pandas\core\generic.py:4006(_is_view)
   162052    0.036    0.000    0.036    0.000 {pandas._libs.algos.ensure_int64}
    65038    0.036    0.000    0.113    0.000 d:\tasc2.4\tasc-lab-master\tasc24\lib\site-packages\pandas\core\series.py:585(_values)
    64978    0.035    0.000    0.063    0.000 d:\tasc2.4\tasc-lab-master\tasc24\lib\site-packages\pandas\core\generic.py:569(ndim)
    64978    0.035    0.000    0.044    0.000 d:\tasc2.4\tasc-lab-master\tasc24\lib\site-packages\pandas\util\_validators.py:208(validate_bool_kwarg)
    40498    0.034    0.000    1.123    0.000 d:\tasc2.4\tasc-lab-master\tasc24\lib\site-packages\pandas\core\internals\blocks.py:276(make_block)
    10741    0.033    0.000    0.082    0.000 d:\tasc2.4\tasc-lab-master\tasc24\lib\site-packages\numpy\core\numeric.py:2287(array_equal)
    51239    0.033    0.000    0.106    0.000 d:\tasc2.4\tasc-lab-master\tasc24\lib\site-packages\pandas\core\common.py:191(count_not_none)
    32313    0.031    0.000    0.467    0.000 d:\tasc2.4\tasc-lab-master\tasc24\lib\site-packages\pandas\core\internals\blocks.py:752(copy)
     2556    0.031    0.000   15.880    0.006 d:\tasc2.4\tasc-lab-master\tasc24\lib\site-packages\fpdf\fpdf.py:957(image)
     2553    0.030    0.000   15.825    0.006 d:\tasc2.4\tasc-lab-master\tasc24\lib\site-packages\fpdf\fpdf.py:1713(_parsejpg)
    80996    0.029    0.000    0.029    0.000 {built-in method pandas._libs.missing.checknull}
    80996    0.029    0.000    0.114    0.000 d:\tasc2.4\tasc-lab-master\tasc24\lib\site-packages\pandas\core\dtypes\missing.py:50(isna)
   194934    0.028    0.000    0.028    0.000 d:\tasc2.4\tasc-lab-master\tasc24\lib\site-packages\numpy\core\fromnumeric.py:3033(_ndim_dispatcher)
    51239    0.028    0.000    0.028    0.000 {method 'pop' of 'list' objects}
    64978    0.028    0.000    0.028    0.000 d:\tasc2.4\tasc-lab-master\tasc24\lib\site-packages\pandas\core\frame.py:628(axes)
    51239    0.028    0.000    0.118    0.000 d:\tasc2.4\tasc-lab-master\tasc24\lib\site-packages\pandas\core\indexes\base.py:4472(identical)
   121494    0.027    0.000    0.027    0.000 d:\tasc2.4\tasc-lab-master\tasc24\lib\site-packages\pandas\core\internals\blocks.py:261(fill_value)
   116217    0.026    0.000    0.026    0.000 d:\tasc2.4\tasc-lab-master\tasc24\lib\site-packages\pandas\core\frame.py:482(_constructor)
        1    0.026    0.026 2010.409 2010.409 d:\tasc2.4\tasc-lab-master\tasc24\lib\site-packages\fpdf\fpdf.py:1634(_enddoc)
    40498    0.026    0.000    0.031    0.000 d:\tasc2.4\tasc-lab-master\tasc24\lib\site-packages\pandas\core\indexes\base.py:1803(is_boolean)
   129956    0.026    0.000    0.026    0.000 {method 'clear' of 'dict' objects}
     2835    0.026    0.000  119.282    0.042 d:\tasc2.4\tasc-lab-master\tasc24\lib\site-packages\fpdf\fpdf.py:1700(_newobj)
   153717    0.025    0.000    0.025    0.000 d:\tasc2.4\tasc-lab-master\tasc24\lib\site-packages\pandas\core\common.py:195(<genexpr>)
     7716    0.025    0.000    0.025    0.000 d:\tasc2.4\tasc-lab-master\tasc24\lib\site-packages\fpdf\php.py:13(sprintf)
    64948    0.025    0.000    0.031    0.000 d:\tasc2.4\tasc-lab-master\tasc24\lib\site-packages\pandas\core\internals\managers.py:703(is_view)
    51269    0.025    0.000    0.030    0.000 d:\tasc2.4\tasc-lab-master\tasc24\lib\site-packages\pandas\core\internals\blocks.py:2515(_maybe_coerce_values)
        1    0.025    0.025 2011.706 2011.706 d:\tasc2.4\tasc-lab-master\tasc24\lib\site-packages\fpdf\fpdf.py:1061(output)
    64948    0.024    0.000    0.024    0.000 d:\tasc2.4\tasc-lab-master\tasc24\lib\site-packages\pandas\core\indexing.py:103(iloc)
    10771    0.024    0.000    0.802    0.000 d:\tasc2.4\tasc-lab-master\tasc24\lib\site-packages\pandas\core\internals\managers.py:796(copy)
    32313    0.023    0.000    0.038    0.000 d:\tasc2.4\tasc-lab-master\tasc24\lib\site-packages\pandas\core\internals\blocks.py:2748(extend_blocks)
     9044    0.022    0.000    0.032    0.000 c:\users\user\appdata\local\programs\python\python37\lib\ntpath.py:122(splitdrive)
   129956    0.022    0.000    0.022    0.000 d:\tasc2.4\tasc-lab-master\tasc24\lib\site-packages\numpy\lib\function_base.py:4214(_delete_dispatcher)
        1    0.022    0.022  214.547  214.547 d:\tasc2.4\tasc-lab-master\tasc24\lib\site-packages\fpdf\fpdf.py:1565(_putxobjectdict)
   167486    0.021    0.000    0.021    0.000 d:\tasc2.4\tasc-lab-master\tasc24\lib\site-packages\pandas\core\indexes\numeric.py:164(_is_all_dates)
   156805    0.021    0.000    0.021    0.000 d:\tasc2.4\tasc-lab-master\tasc24\lib\site-packages\pandas\core\indexes\base.py:581(<lambda>)
    91737    0.021    0.000    0.021    0.000 d:\tasc2.4\tasc-lab-master\tasc24\lib\site-packages\pandas\core\missing.py:64(clean_fill_method)
   116217    0.021    0.000    0.021    0.000 d:\tasc2.4\tasc-lab-master\tasc24\lib\site-packages\pandas\core\indexes\numeric.py:78(_validate_dtype)
    51239    0.020    0.000    0.020    0.000 {method 'update' of 'dict' objects}
    64948    0.019    0.000    0.074    0.000 d:\tasc2.4\tasc-lab-master\tasc24\lib\site-packages\pandas\core\indexers.py:52(is_list_like_indexer)
    21542    0.019    0.000    0.112    0.000 d:\tasc2.4\tasc-lab-master\tasc24\lib\site-packages\pandas\core\indexes\base.py:653(view)
   129956    0.019    0.000    0.019    0.000 d:\tasc2.4\tasc-lab-master\tasc24\lib\site-packages\numpy\core\multiarray.py:1043(copyto)
    64978    0.019    0.000    0.019    0.000 d:\tasc2.4\tasc-lab-master\tasc24\lib\site-packages\pandas\core\internals\managers.py:253(items)
     4522    0.019    0.000    0.053    0.000 c:\users\user\appdata\local\programs\python\python37\lib\ntpath.py:75(join)
   102512    0.018    0.000    0.018    0.000 {method 'keys' of 'dict' objects}
    21482    0.018    0.000    0.077    0.000 d:\tasc2.4\tasc-lab-master\tasc24\lib\site-packages\pandas\core\dtypes\common.py:1032(is_datetime_or_timedelta_dtype)
       60    0.018    0.000    0.018    0.000 {method 'unique' of 'pandas._libs.hashtable.Int64HashTable' objects}
    40498    0.018    0.000    0.030    0.000 d:\tasc2.4\tasc-lab-master\tasc24\lib\site-packages\pandas\core\internals\managers.py:991(_consolidate_inplace)
    64948    0.018    0.000    0.018    0.000 d:\tasc2.4\tasc-lab-master\tasc24\lib\site-packages\pandas\core\indexing.py:2350(need_slice)
   129956    0.017    0.000    0.017    0.000 d:\tasc2.4\tasc-lab-master\tasc24\lib\site-packages\numpy\core\multiarray.py:469(can_cast)
    51239    0.017    0.000    0.024    0.000 d:\tasc2.4\tasc-lab-master\tasc24\lib\site-packages\pandas\core\indexes\base.py:5920(ensure_has_len)
    21482    0.017    0.000    0.048    0.000 d:\tasc2.4\tasc-lab-master\tasc24\lib\site-packages\pandas\core\dtypes\common.py:573(is_string_dtype)
    40498    0.017    0.000    0.026    0.000 d:\tasc2.4\tasc-lab-master\tasc24\lib\site-packages\pandas\core\indexes\base.py:3461(_can_reindex)
   102481    0.017    0.000    0.017    0.000 {method 'items' of 'dict' objects}
    51239    0.015    0.000    0.015    0.000 d:\tasc2.4\tasc-lab-master\tasc24\lib\site-packages\pandas\core\indexes\range.py:207(start)
    65038    0.014    0.000    0.014    0.000 d:\tasc2.4\tasc-lab-master\tasc24\lib\site-packages\pandas\core\dtypes\common.py:190(classes_and_not_datetimelike)
    21542    0.014    0.000    0.126    0.000 d:\tasc2.4\tasc-lab-master\tasc24\lib\site-packages\pandas\core\internals\managers.py:814(copy_func)
    21482    0.013    0.000    0.031    0.000 d:\tasc2.4\tasc-lab-master\tasc24\lib\site-packages\pandas\core\dtypes\common.py:1551(_is_dtype)
    64978    0.013    0.000    0.013    0.000 d:\tasc2.4\tasc-lab-master\tasc24\lib\site-packages\numpy\core\multiarray.py:853(bincount)
    10741    0.013    0.000    0.266    0.000 d:\tasc2.4\tasc-lab-master\tasc24\lib\site-packages\pandas\core\dtypes\common.py:1130(is_datetimelike_v_numeric)
        3    0.013    0.004    0.013    0.004 {built-in method nt.listdir}
    51239    0.013    0.000    0.013    0.000 d:\tasc2.4\tasc-lab-master\tasc24\lib\site-packages\pandas\core\indexes\base.py:623(dtype)
    65038    0.012    0.000    0.012    0.000 d:\tasc2.4\tasc-lab-master\tasc24\lib\site-packages\pandas\core\internals\blocks.py:233(internal_values)
    21662    0.012    0.000    0.015    0.000 d:\tasc2.4\tasc-lab-master\tasc24\lib\site-packages\pandas\core\dtypes\common.py:1769(pandas_dtype)
    51239    0.011    0.000    0.011    0.000 d:\tasc2.4\tasc-lab-master\tasc24\lib\site-packages\pandas\core\indexes\range.py:230(stop)
    64978    0.011    0.000    0.011    0.000 d:\tasc2.4\tasc-lab-master\tasc24\lib\site-packages\numpy\core\multiarray.py:145(concatenate)
    10741    0.010    0.000    0.023    0.000 d:\tasc2.4\tasc-lab-master\tasc24\lib\site-packages\pandas\core\dtypes\common.py:1307(is_float_dtype)
    64978    0.010    0.000    0.010    0.000 d:\tasc2.4\tasc-lab-master\tasc24\lib\site-packages\numpy\core\numerictypes.py:655(<listcomp>)
    40498    0.010    0.000    0.010    0.000 {pandas._libs.algos.ensure_platform_int}
    10741    0.010    0.000    0.101    0.000 <__array_function__ internals>:2(array_equal)
    10771    0.010    0.000    0.135    0.000 d:\tasc2.4\tasc-lab-master\tasc24\lib\site-packages\pandas\core\internals\managers.py:817(<listcomp>)
       39    0.009    0.000    0.009    0.000 {built-in method builtins.print}
    64948    0.009    0.000    0.009    0.000 d:\tasc2.4\tasc-lab-master\tasc24\lib\site-packages\pandas\core\indexing.py:929(_validate_key)
    10741    0.009    0.000    0.020    0.000 d:\tasc2.4\tasc-lab-master\tasc24\lib\site-packages\pandas\core\dtypes\common.py:1519(is_complex_dtype)
    64978    0.009    0.000    0.009    0.000 {pandas._libs.lib.is_bool}
    21482    0.009    0.000    0.009    0.000 d:\tasc2.4\tasc-lab-master\tasc24\lib\site-packages\pandas\core\dtypes\common.py:602(condition)
    51239    0.009    0.000    0.009    0.000 d:\tasc2.4\tasc-lab-master\tasc24\lib\site-packages\pandas\core\indexes\range.py:253(step)
        1    0.009    0.009    0.009    0.009 {method 'close' of '_io.BufferedWriter' objects}
    64948    0.008    0.000    0.008    0.000 d:\tasc2.4\tasc-lab-master\tasc24\lib\site-packages\pandas\core\indexes\base.py:3304(_get_partial_string_timestamp_match_key)
    64978    0.008    0.000    0.008    0.000 {method 'clear_mapping' of 'pandas._libs.index.IndexEngine' objects}
    40498    0.008    0.000    0.008    0.000 d:\tasc2.4\tasc-lab-master\tasc24\lib\site-packages\numpy\core\multiarray.py:584(min_scalar_type)
    51239    0.007    0.000    0.007    0.000 d:\tasc2.4\tasc-lab-master\tasc24\lib\site-packages\pandas\core\indexes\base.py:1446(nlevels)
    51242    0.007    0.000    0.007    0.000 {method 'values' of 'dict' objects}
    51239    0.007    0.000    0.007    0.000 {function FrozenList.__getitem__ at 0x000002991A962828}
    22977    0.007    0.000    0.007    0.000 {built-in method _struct.unpack}
     4099    0.006    0.000   15.905    0.004 d:\tasc2.4\tasc-lab-master\tasc24\lib\site-packages\fpdf\fpdf.py:145(wrapper)
     1525    0.006    0.000    0.009    0.000 d:\tasc2.4\tasc-lab-master\tasc24\lib\site-packages\fpdf\fpdf.py:347(get_string_width)
       22    0.005    0.000    4.297    0.195 \\metlab25\d\pybatch\batch_calculations.py:1251(make_param_vs_param_page)
     1443    0.005    0.000    0.019    0.000 d:\tasc2.4\tasc-lab-master\tasc24\lib\site-packages\fpdf\fpdf.py:682(cell)
       20    0.005    0.000    4.047    0.202 \\metlab25\d\pybatch\batch_calculations.py:1152(make_layers_page)
      139    0.004    0.000    0.004    0.000 {built-in method zlib.compress}
    14620    0.004    0.000    0.004    0.000 {method 'replace' of 'str' objects}
     9044    0.004    0.000    0.004    0.000 {method 'find' of 'str' objects}
       14    0.004    0.000    3.177    0.227 \\metlab25\d\pybatch\batch_calculations.py:935(make_y_pos_time_page)
       30    0.003    0.000    0.006    0.000 \\metlab25\d\pybatch\batch_calculations.py:862(<listcomp>)
        1    0.003    0.003    4.949    4.949 \\metlab25\d\pybatch\batch_calculations.py:846(make_scratch_pages)
    21760    0.003    0.000    0.003    0.000 {method 'split' of 'str' objects}
      137    0.003    0.000    0.028    0.000 \\metlab25\d\pybatch\batch_calculations.py:689(new_page)
     1876    0.002    0.000    1.614    0.001 c:\users\user\appdata\local\programs\python\python37\lib\genericpath.py:16(exists)
    13566    0.002    0.000    0.002    0.000 {built-in method nt.fspath}
    10741    0.002    0.000    0.002    0.000 d:\tasc2.4\tasc-lab-master\tasc24\lib\site-packages\numpy\core\numeric.py:2283(_array_equal_dispatcher)
      615    0.002    0.000    0.003    0.000 d:\tasc2.4\tasc-lab-master\tasc24\lib\site-packages\fpdf\fpdf.py:565(set_font)
    10771    0.002    0.000    0.002    0.000 d:\tasc2.4\tasc-lab-master\tasc24\lib\site-packages\pandas\core\internals\managers.py:405(<dictcomp>)
     2553    0.002    0.000    0.002    0.000 d:\tasc2.4\tasc-lab-master\tasc24\lib\site-packages\fpdf\php.py:8(substr)
      139    0.002    0.000    0.004    0.000 d:\tasc2.4\tasc-lab-master\tasc24\lib\site-packages\fpdf\fpdf.py:248(add_page)
     2553    0.001    0.000    0.001    0.000 {method 'seek' of '_io.BufferedReader' objects}
     2553    0.001    0.000    0.001    0.000 {built-in method _struct.unpack_from}
     2553    0.001    0.000    0.001    0.000 {method 'rfind' of 'str' objects}
     2968    0.001    0.000    0.001    0.000 d:\tasc2.4\tasc-lab-master\tasc24\lib\site-packages\fpdf\fpdf.py:1095(normalize_text)
        1    0.001    0.001  219.535  219.535 \\metlab25\d\pybatch\batch_calculations.py:1457(make_MSD_pages)
        1    0.001    0.001    0.001    0.001 d:\tasc2.4\tasc-lab-master\tasc24\lib\site-packages\fpdf\fpdf.py:1511(<listcomp>)
       60    0.001    0.000    0.023    0.000 d:\tasc2.4\tasc-lab-master\tasc24\lib\site-packages\pandas\core\algorithms.py:319(unique)
     1386    0.001    0.000    0.002    0.000 d:\tasc2.4\tasc-lab-master\tasc24\lib\site-packages\fpdf\fpdf.py:1897(_escape)
        1    0.001    0.001    0.001    0.001 d:\tasc2.4\tasc-lab-master\tasc24\lib\site-packages\fpdf\fpdf.py:1566(<listcomp>)
        1    0.001    0.001    0.011    0.011 d:\tasc2.4\tasc-lab-master\tasc24\lib\site-packages\fpdf\fpdf.py:1118(_putpages)
       26    0.001    0.000    0.472    0.018 \\metlab25\d\pybatch\batch_calculations.py:1048(make_average_page)
        1    0.001    0.001    0.317    0.317 \\metlab25\d\pybatch\batch_calculations.py:798(make_sunplot_page)
     3170    0.000    0.000    0.000    0.000 {method 'lower' of 'str' objects}
       60    0.000    0.000    0.002    0.000 d:\tasc2.4\tasc-lab-master\tasc24\lib\site-packages\pandas\core\algorithms.py:73(_ensure_data)
       94    0.000    0.000    0.001    0.000 {method 'sort' of 'list' objects}
      680    0.000    0.000    0.001    0.000 \\metlab25\d\pybatch\batch_calculations.py:863(<lambda>)
       60    0.000    0.000    0.023    0.000 d:\tasc2.4\tasc-lab-master\tasc24\lib\site-packages\pandas\core\base.py:1037(unique)
        1    0.000    0.000 1770.950 1770.950 d:\tasc2.4\tasc-lab-master\tasc24\lib\site-packages\fpdf\fpdf.py:1583(_putresources)
      139    0.000    0.000    0.000    0.000 d:\tasc2.4\tasc-lab-master\tasc24\lib\site-packages\fpdf\fpdf.py:1667(_beginpage)
      295    0.000    0.000    0.000    0.000 d:\tasc2.4\tasc-lab-master\tasc24\lib\site-packages\fpdf\fpdf.py:1056(set_xy)
        1    0.000    0.000  215.130  215.130 d:\tasc2.4\tasc-lab-master\tasc24\lib\site-packages\fpdf\fpdf.py:1571(_putresourcedict)
        3    0.000    0.000    0.003    0.001 \\metlab25\d\pybatch\batch_calculations.py:715(write_table_to_pdf)
       60    0.000    0.000    0.001    0.000 d:\tasc2.4\tasc-lab-master\tasc24\lib\site-packages\pandas\core\algorithms.py:291(_check_object_for_strings)
       30    0.000    0.000    0.125    0.004 d:\tasc2.4\tasc-lab-master\tasc24\lib\site-packages\pandas\core\generic.py:5889(copy)
        1    0.000    0.000    0.169    0.169 \\metlab25\d\pybatch\batch_calculations.py:1334(make_wave_pages)
       60    0.000    0.000    0.001    0.000 d:\tasc2.4\tasc-lab-master\tasc24\lib\site-packages\pandas\core\algorithms.py:188(_reconstruct_data)
       60    0.000    0.000    0.003    0.000 d:\tasc2.4\tasc-lab-master\tasc24\lib\site-packages\pandas\core\algorithms.py:256(_get_hashtable_algo)
       60    0.000    0.000    0.023    0.000 d:\tasc2.4\tasc-lab-master\tasc24\lib\site-packages\pandas\core\series.py:1811(unique)
        1    0.000    0.000    0.015    0.015 \\metlab25\d\pybatch\batch_calculations.py:808(<listcomp>)
      295    0.000    0.000    0.000    0.000 d:\tasc2.4\tasc-lab-master\tasc24\lib\site-packages\fpdf\fpdf.py:1048(set_y)
       60    0.000    0.000    0.000    0.000 d:\tasc2.4\tasc-lab-master\tasc24\lib\site-packages\pandas\core\indexes\base.py:1963(is_object)
       60    0.000    0.000    0.001    0.000 d:\tasc2.4\tasc-lab-master\tasc24\lib\site-packages\pandas\core\indexes\base.py:4316(_can_hold_identifiers_and_holds_name)
      295    0.000    0.000    0.000    0.000 d:\tasc2.4\tasc-lab-master\tasc24\lib\site-packages\fpdf\fpdf.py:1037(set_x)
        1    0.000    0.000    0.000    0.000 \\metlab25\d\pybatch\batch_calculations.py:859(<listcomp>)
      100    0.000    0.000    0.000    0.000 d:\tasc2.4\tasc-lab-master\tasc24\lib\site-packages\fpdf\fpdf.py:1024(ln)
       60    0.000    0.000    0.000    0.000 d:\tasc2.4\tasc-lab-master\tasc24\lib\site-packages\pandas\core\generic.py:545(_info_axis)
      139    0.000    0.000    0.000    0.000 d:\tasc2.4\tasc-lab-master\tasc24\lib\site-packages\fpdf\fpdf.py:1696(_endpage)
       61    0.000    0.000    0.000    0.000 {built-in method builtins.min}
        1    0.000    0.000    0.037    0.037 \\metlab25\d\pybatch\batch_calculations.py:1378(make_displacement_page)
       60    0.000    0.000    0.000    0.000 d:\tasc2.4\tasc-lab-master\tasc24\lib\site-packages\pandas\core\algorithms.py:231(_ensure_arraylike)
        1    0.000    0.000    0.000    0.000 {method 'strftime' of 'datetime.date' objects}
      139    0.000    0.000    0.000    0.000 d:\tasc2.4\tasc-lab-master\tasc24\lib\site-packages\fpdf\fpdf.py:312(footer)
       60    0.000    0.000    0.000    0.000 d:\tasc2.4\tasc-lab-master\tasc24\lib\site-packages\pandas\core\dtypes\common.py:355(is_datetime64_dtype)
        1    0.000    0.000    0.025    0.025 \\metlab25\d\pybatch\batch_calculations.py:1400(make_motility_page)
      139    0.000    0.000    0.000    0.000 d:\tasc2.4\tasc-lab-master\tasc24\lib\site-packages\fpdf\fpdf.py:308(header)
        1    0.000    0.000    0.000    0.000 d:\tasc2.4\tasc-lab-master\tasc24\lib\site-packages\fpdf\fpdf.py:44(__init__)
        1    0.000    0.000    0.166    0.166 d:\tasc2.4\tasc-lab-master\tasc24\lib\site-packages\fpdf\fpdf.py:1594(_putinfo)
        1    0.000    0.000    0.250    0.250 d:\tasc2.4\tasc-lab-master\tasc24\lib\site-packages\fpdf\fpdf.py:1629(_puttrailer)
        1    0.000    0.000    0.014    0.014 \\metlab25\d\pybatch\batch_calculations.py:574(make_output_folders)
        2    0.000    0.000    0.000    0.000 {built-in method time.strftime}
        1    0.000    0.000    0.323    0.323 d:\tasc2.4\tasc-lab-master\tasc24\lib\site-packages\fpdf\fpdf.py:1608(_putcatalog)
        1    0.000    0.000    0.000    0.000 \\metlab25\d\pybatch\batch_calculations.py:647(set_table_coords)
        1    0.000    0.000    0.010    0.010 \\metlab25\d\pybatch\batch_calculations.py:1526(make_cluster_page)
        1    0.000    0.000    0.000    0.000 \\metlab25\d\pybatch\batch_calculations.py:671(create_pdf_file)
        1    0.000    0.000    0.000    0.000 d:\tasc2.4\tasc-lab-master\tasc24\lib\site-packages\fpdf\fpdf.py:1191(_putfonts)
       30    0.000    0.000    0.000    0.000 {method 'index' of 'list' objects}
        1    0.000    0.000    0.003    0.003 \\metlab25\d\pybatch\batch_calculations.py:751(make_third_page)
        1    0.000    0.000 2010.409 2010.409 d:\tasc2.4\tasc-lab-master\tasc24\lib\site-packages\fpdf\fpdf.py:233(close)
       30    0.000    0.000    0.000    0.000 \\metlab25\d\pybatch\batch_calculations.py:658(<lambda>)
        1    0.000    0.000    0.000    0.000 \\metlab25\d\pybatch\batch_calculations.py:734(make_first_page)
        1    0.000    0.000    0.000    0.000 {built-in method now}
        1    0.000    0.000    0.000    0.000 \\metlab25\d\pybatch\batch_calculations.py:759(<listcomp>)
        1    0.000    0.000    0.000    0.000 \\metlab25\d\pybatch\batch_calculations.py:760(<listcomp>)
        3    0.000    0.000    0.000    0.000 \\metlab25\d\pybatch\batch_calculations.py:724(<listcomp>)
        1    0.000    0.000    0.000    0.000 \\metlab25\d\pybatch\batch_calculations.py:753(<listcomp>)
        1    0.000    0.000    0.000    0.000 \\metlab25\d\pybatch\batch_calculations.py:755(<listcomp>)
        1    0.000    0.000    0.000    0.000 \\metlab25\d\pybatch\batch_calculations.py:761(<listcomp>)
        1    0.000    0.000    0.000    0.000 \\metlab25\d\pybatch\batch_calculations.py:754(<listcomp>)
        2    0.000    0.000    0.000    0.000 d:\tasc2.4\tasc-lab-master\tasc24\lib\site-packages\fpdf\fpdf.py:1893(_textstring)
        1    0.000    0.000    0.000    0.000 \\metlab25\d\pybatch\batch_calculations.py:758(<listcomp>)
        1    0.000    0.000    0.000    0.000 d:\tasc2.4\tasc-lab-master\tasc24\lib\site-packages\fpdf\fpdf.py:1574(<listcomp>)
        1    0.000    0.000    0.000    0.000 \\metlab25\d\pybatch\batch_calculations.py:740(make_second_page)
        2    0.000    0.000    0.000    0.000 \\metlab25\d\pybatch\batch_calculations.py:210(__has_attribute__)
        1    0.000    0.000    0.000    0.000 \\metlab25\d\pybatch\batch_calculations.py:756(<listcomp>)
        1    0.000    0.000    0.000    0.000 c:\users\user\appdata\local\programs\python\python37\lib\os.py:673(__getitem__)
        1    0.000    0.000    0.000    0.000 \\metlab25\d\pybatch\batch_calculations.py:763(<listcomp>)
        1    0.000    0.000    0.000    0.000 d:\tasc2.4\tasc-lab-master\tasc24\lib\site-packages\fpdf\fpdf.py:1106(_dochecks)
        1    0.000    0.000    0.000    0.000 c:\users\user\appdata\local\programs\python\python37\lib\os.py:769(getenv)
        1    0.000    0.000    0.000    0.000 d:\tasc2.4\tasc-lab-master\tasc24\lib\site-packages\fpdf\fpdf.py:175(set_auto_page_break)
        1    0.000    0.000    0.000    0.000 \\metlab25\d\pybatch\batch_calculations.py:665(<listcomp>)
        2    0.000    0.000    0.000    0.000 d:\tasc2.4\tasc-lab-master\tasc24\lib\site-packages\fpdf\fpdf.py:153(set_margins)
        1    0.000    0.000    0.000    0.000 d:\tasc2.4\tasc-lab-master\tasc24\lib\site-packages\fpdf\fpdf.py:181(set_display_mode)
        1    0.000    0.000    0.000    0.000 \\metlab25\d\pybatch\batch_calculations.py:757(<listcomp>)
        1    0.000    0.000    0.000    0.000 d:\tasc2.4\tasc-lab-master\tasc24\lib\site-packages\fpdf\fpdf.py:1227(<listcomp>)
        1    0.000    0.000    0.000    0.000 c:\users\user\appdata\local\programs\python\python37\lib\os.py:743(encodekey)
        1    0.000    0.000    0.000    0.000 c:\users\user\appdata\local\programs\python\python37\lib\_collections_abc.py:657(get)
        1    0.000    0.000    0.000    0.000 d:\tasc2.4\tasc-lab-master\tasc24\lib\site-packages\fpdf\fpdf.py:229(open)
        2    0.000    0.000    0.000    0.000 d:\tasc2.4\tasc-lab-master\tasc24\lib\site-packages\fpdf\fpdf.py:678(accept_page_break)
        1    0.000    0.000    0.000    0.000 d:\tasc2.4\tasc-lab-master\tasc24\lib\site-packages\fpdf\fpdf.py:1626(_putheader)
        3    0.000    0.000    0.000    0.000 {method 'join' of 'str' objects}
        1    0.000    0.000    0.000    0.000 d:\tasc2.4\tasc-lab-master\tasc24\lib\site-packages\fpdf\fpdf.py:196(set_compression)
        1    0.000    0.000    0.000    0.000 c:\users\user\appdata\local\programs\python\python37\lib\os.py:737(check_str)
        1    0.000    0.000    0.000    0.000 {method 'disable' of '_lsprof.Profiler' objects}


