         22576034 function calls (22186631 primitive calls) in 75.153 seconds

   Ordered by: internal time

   ncalls  tottime  percall  cumtime  percall filename:lineno(function)
     7960   45.390    0.006   45.411    0.006 c:\users\user\anaconda3\envs\tasc\lib\site-packages\fpdf\fpdf.py:1906(_out)
      370    5.164    0.014    5.164    0.014 {built-in method io.open}
        1    1.591    1.591   21.370   21.370 \\metlab25\d\pybatch\batch_calculations.py:461(_get_msd_info)
      372    1.412    0.004    1.412    0.004 {built-in method nt.stat}
373113/229201    1.326    0.000    2.001    0.000 {built-in method numpy.array}
     5166    1.235    0.000    1.235    0.000 {method 'read' of '_io.BufferedReader' objects}
   173077    0.828    0.000    1.696    0.000 c:\users\user\anaconda3\envs\tasc\lib\site-packages\pandas\core\generic.py:5426(__finalize__)
  2857732    0.661    0.000    0.945    0.000 {built-in method builtins.isinstance}
   143912    0.649    0.000    1.941    0.000 c:\users\user\anaconda3\envs\tasc\lib\site-packages\pandas\core\internals\managers.py:1626(getitem_mgr)
   150609    0.622    0.000    3.088    0.000 c:\users\user\anaconda3\envs\tasc\lib\site-packages\pandas\core\frame.py:3418(__getitem__)
   231688    0.474    0.000    1.622    0.000 c:\users\user\anaconda3\envs\tasc\lib\site-packages\pandas\core\generic.py:5480(__setattr__)
   143912    0.460    0.000    9.309    0.000 c:\users\user\anaconda3\envs\tasc\lib\site-packages\pandas\core\series.py:928(__getitem__)
    10645    0.448    0.000    0.799    0.000 c:\users\user\anaconda3\envs\tasc\lib\site-packages\pandas\core\internals\managers.py:224(_rebuild_blknos_and_blklocs)
   169129    0.438    0.000    0.573    0.000 c:\users\user\anaconda3\envs\tasc\lib\site-packages\pandas\core\generic.py:230(__init__)
   143912    0.414    0.000    0.765    0.000 c:\users\user\anaconda3\envs\tasc\lib\site-packages\pandas\core\indexes\base.py:3687(_convert_slice_indexer)
446336/446322    0.413    0.000    0.416    0.000 c:\users\user\anaconda3\envs\tasc\lib\site-packages\pandas\core\generic.py:5464(__getattr__)
   302410    0.398    0.000    1.100    0.000 c:\users\user\anaconda3\envs\tasc\lib\site-packages\pandas\core\series.py:627(name)
   143912    0.327    0.000    5.736    0.000 c:\users\user\anaconda3\envs\tasc\lib\site-packages\pandas\core\series.py:1024(_get_values)
   619406    0.317    0.000    0.475    0.000 c:\users\user\anaconda3\envs\tasc\lib\site-packages\pandas\core\dtypes\inference.py:321(is_hashable)
   143912    0.300    0.000    1.602    0.000 c:\users\user\anaconda3\envs\tasc\lib\site-packages\pandas\core\indexes\numeric.py:235(_convert_slice_indexer)
   158498    0.280    0.000    2.231    0.000 c:\users\user\anaconda3\envs\tasc\lib\site-packages\pandas\core\series.py:315(__init__)
        1    0.269    0.269    0.269    0.269 {method 'write' of '_io.BufferedWriter' objects}
   151808    0.265    0.000    0.651    0.000 c:\users\user\anaconda3\envs\tasc\lib\site-packages\pandas\core\indexes\range.py:816(__getitem__)
   151815    0.260    0.000    0.388    0.000 c:\users\user\anaconda3\envs\tasc\lib\site-packages\pandas\core\indexes\range.py:160(_simple_new)
   143912    0.259    0.000    7.683    0.000 c:\users\user\anaconda3\envs\tasc\lib\site-packages\pandas\core\series.py:968(_get_with)
    46747    0.258    0.000    0.283    0.000 {built-in method builtins.sum}
   152994    0.252    0.000    0.252    0.000 c:\users\user\anaconda3\envs\tasc\lib\site-packages\pandas\core\internals\blocks.py:261(make_block_same_class)
    48022    0.242    0.000    0.242    0.000 {method 'reduce' of 'numpy.ufunc' objects}
   302410    0.241    0.000    0.403    0.000 c:\users\user\anaconda3\envs\tasc\lib\site-packages\pandas\core\series.py:577(name)
     6683    0.230    0.000    0.973    0.000 c:\users\user\anaconda3\envs\tasc\lib\site-packages\pandas\core\internals\managers.py:689(_slice_take_blocks_ax0)
   306358    0.226    0.000    0.714    0.000 c:\users\user\anaconda3\envs\tasc\lib\site-packages\pandas\core\dtypes\common.py:1718(validate_all_hashable)
865662/626905    0.202    0.000    0.302    0.000 {built-in method builtins.len}
   206474    0.201    0.000    0.201    0.000 {pandas._libs.lib.is_scalar}
   157271    0.187    0.000    0.748    0.000 c:\users\user\anaconda3\envs\tasc\lib\site-packages\pandas\core\common.py:100(is_bool_indexer)
   462811    0.185    0.000    0.248    0.000 c:\users\user\anaconda3\envs\tasc\lib\site-packages\pandas\core\dtypes\generic.py:43(_check)
   160111    0.184    0.000    0.459    0.000 c:\users\user\anaconda3\envs\tasc\lib\site-packages\pandas\core\dtypes\common.py:1230(is_float_dtype)
   157306    0.182    0.000    0.199    0.000 c:\users\user\anaconda3\envs\tasc\lib\site-packages\pandas\core\indexes\base.py:4537(__contains__)
   158498    0.177    0.000    0.214    0.000 c:\users\user\anaconda3\envs\tasc\lib\site-packages\pandas\core\internals\managers.py:1532(__init__)
   776712    0.175    0.000    0.175    0.000 {built-in method builtins.hash}
   316989    0.165    0.000    0.536    0.000 {built-in method builtins.all}
   150609    0.164    0.000    1.985    0.000 c:\users\user\anaconda3\envs\tasc\lib\site-packages\pandas\core\frame.py:3871(_get_item_cache)
   612716    0.164    0.000    0.333    0.000 c:\users\user\anaconda3\envs\tasc\lib\site-packages\pandas\core\dtypes\common.py:1737(<genexpr>)
   194877    0.156    0.000    0.284    0.000 c:\users\user\anaconda3\envs\tasc\lib\site-packages\pandas\core\dtypes\common.py:1578(_is_dtype_type)
   143912    0.152    0.000    0.476    0.000 c:\users\user\anaconda3\envs\tasc\lib\site-packages\pandas\core\series.py:810(__array__)
   173077    0.148    0.000    0.148    0.000 c:\users\user\anaconda3\envs\tasc\lib\site-packages\pandas\core\flags.py:83(allows_duplicate_labels)
   163975    0.140    0.000    0.140    0.000 c:\users\user\anaconda3\envs\tasc\lib\site-packages\pandas\core\internals\blocks.py:293(_slice)
   161775    0.139    0.000    0.139    0.000 c:\users\user\anaconda3\envs\tasc\lib\site-packages\pandas\core\indexes\range.py:347(dtype)
   169129    0.136    0.000    0.136    0.000 c:\users\user\anaconda3\envs\tasc\lib\site-packages\pandas\core\flags.py:47(__init__)
   655726    0.130    0.000    0.157    0.000 {built-in method builtins.getattr}
    27945    0.125    0.000    0.126    0.000 {method 'get_loc' of 'pandas._libs.index.IndexEngine' objects}
    35841    0.119    0.000    0.286    0.000 c:\users\user\anaconda3\envs\tasc\lib\site-packages\pandas\core\indexes\base.py:4587(__getitem__)
   287824    0.115    0.000    0.148    0.000 c:\users\user\anaconda3\envs\tasc\lib\site-packages\pandas\core\indexes\base.py:2094(is_integer)
    35883    0.113    0.000    0.113    0.000 {built-in method numpy.arange}
    21715    0.113    0.000    0.432    0.000 c:\users\user\anaconda3\envs\tasc\lib\site-packages\pandas\core\array_algos\take.py:111(_take_nd_ndarray)
   157278    0.112    0.000    0.112    0.000 {pandas._libs.lib.is_list_like}
   150609    0.112    0.000    0.153    0.000 c:\users\user\anaconda3\envs\tasc\lib\site-packages\pandas\core\internals\managers.py:1667(internal_values)
    13366    0.109    0.000    0.109    0.000 {pandas._libs.algos.take_1d_int64_int64}
   307873    0.108    0.000    0.142    0.000 c:\users\user\anaconda3\envs\tasc\lib\site-packages\pandas\core\common.py:342(apply_if_callable)
    14586    0.108    0.000    1.096    0.000 c:\users\user\anaconda3\envs\tasc\lib\site-packages\pandas\core\internals\managers.py:970(iget)
   451764    0.098    0.000    0.113    0.000 c:\users\user\anaconda3\envs\tasc\lib\site-packages\pandas\core\indexes\base.py:5711(_validate_indexer)
     6683    0.098    0.000    3.330    0.000 c:\users\user\anaconda3\envs\tasc\lib\site-packages\pandas\core\frame.py:5317(set_index)
    10631    0.092    0.000    0.413    0.000 c:\users\user\anaconda3\envs\tasc\lib\site-packages\pandas\core\indexes\base.py:375(__new__)
    41339    0.090    0.000    0.190    0.000 c:\users\user\anaconda3\envs\tasc\lib\site-packages\pandas\core\internals\base.py:41(shape)
     6683    0.087    0.000    1.445    0.000 c:\users\user\anaconda3\envs\tasc\lib\site-packages\pandas\core\internals\managers.py:1190(idelete)
    43005    0.087    0.000    0.087    0.000 {built-in method numpy.empty}
   294521    0.085    0.000    0.085    0.000 c:\users\user\anaconda3\envs\tasc\lib\site-packages\pandas\core\internals\managers.py:1612(_block)
     6745    0.083    0.000    0.101    0.000 c:\users\user\anaconda3\envs\tasc\lib\site-packages\pandas\core\indexes\base.py:2018(is_unique)
   431736    0.080    0.000    0.099    0.000 c:\users\user\anaconda3\envs\tasc\lib\site-packages\pandas\core\indexes\base.py:3705(is_int)
   180870    0.080    0.000    0.080    0.000 c:\users\user\anaconda3\envs\tasc\lib\site-packages\pandas\core\indexes\base.py:756(_reset_identity)
   150609    0.078    0.000    0.230    0.000 c:\users\user\anaconda3\envs\tasc\lib\site-packages\pandas\core\series.py:674(_values)
       68    0.076    0.001    0.076    0.001 {built-in method nt.mkdir}
     6683    0.074    0.000    0.129    0.000 c:\users\user\anaconda3\envs\tasc\lib\site-packages\pandas\core\indexers.py:249(maybe_convert_indices)
   193181    0.074    0.000    0.164    0.000 c:\users\user\anaconda3\envs\tasc\lib\site-packages\numpy\core\_asarray.py:16(asarray)
   143912    0.074    0.000    5.809    0.000 c:\users\user\anaconda3\envs\tasc\lib\site-packages\pandas\core\series.py:923(_slice)
     6676    0.070    0.000    0.801    0.000 c:\users\user\anaconda3\envs\tasc\lib\site-packages\pandas\core\generic.py:3631(xs)
     3962    0.063    0.000    0.081    0.000 {pandas._libs.lib.infer_dtype}
   180870    0.059    0.000    0.059    0.000 {built-in method __new__ of type object at 0x00007FFB1FB5D3F0}
   173148    0.059    0.000    0.087    0.000 c:\users\user\anaconda3\envs\tasc\lib\site-packages\pandas\core\dtypes\common.py:146(<lambda>)
     6676    0.058    0.000    0.086    0.000 {method 'get_slice' of 'pandas._libs.internals.BlockManager' objects}
   352837    0.056    0.000    0.056    0.000 c:\users\user\anaconda3\envs\tasc\lib\site-packages\pandas\core\generic.py:342(flags)
   452984    0.055    0.000    0.055    0.000 {pandas._libs.lib.is_integer}
     6683    0.054    0.000    1.566    0.000 c:\users\user\anaconda3\envs\tasc\lib\site-packages\pandas\core\generic.py:3934(__delitem__)
    29055    0.054    0.000    0.082    0.000 c:\users\user\anaconda3\envs\tasc\lib\site-packages\pandas\core\indexes\base.py:605(_simple_new)
   150602    0.053    0.000    0.161    0.000 c:\users\user\anaconda3\envs\tasc\lib\site-packages\pandas\core\dtypes\inference.py:184(is_array_like)
   173077    0.052    0.000    0.052    0.000 c:\users\user\anaconda3\envs\tasc\lib\site-packages\pandas\core\generic.py:321(attrs)
   173148    0.052    0.000    0.052    0.000 c:\users\user\anaconda3\envs\tasc\lib\site-packages\pandas\core\dtypes\common.py:144(classes)
    17383    0.049    0.000    0.153    0.000 c:\users\user\anaconda3\envs\tasc\lib\site-packages\pandas\core\internals\blocks.py:1843(maybe_coerce_values)
    21715    0.049    0.000    0.082    0.000 c:\users\user\anaconda3\envs\tasc\lib\site-packages\pandas\core\array_algos\take.py:517(_take_preprocess_indexer_and_fill_value)
    60001    0.048    0.000    0.048    0.000 {built-in method builtins.max}
    14586    0.047    0.000    0.392    0.000 c:\users\user\anaconda3\envs\tasc\lib\site-packages\pandas\core\frame.py:3855(_box_col_values)
   145483    0.046    0.000    0.061    0.000 c:\users\user\anaconda3\envs\tasc\lib\site-packages\pandas\core\indexes\base.py:794(__len__)
   143912    0.044    0.000    0.044    0.000 c:\users\user\anaconda3\envs\tasc\lib\site-packages\pandas\core\internals\managers.py:1652(index)
     3948    0.043    0.000    1.679    0.000 c:\users\user\anaconda3\envs\tasc\lib\site-packages\pandas\core\generic.py:4562(reindex)
    21715    0.043    0.000    0.495    0.000 c:\users\user\anaconda3\envs\tasc\lib\site-packages\pandas\core\array_algos\take.py:54(take_nd)
    78022    0.042    0.000    0.042    0.000 {built-in method builtins.hasattr}
     6676    0.040    0.000    0.930    0.000 c:\users\user\anaconda3\envs\tasc\lib\site-packages\pandas\core\indexing.py:1132(_getitem_axis)
    27945    0.040    0.000    0.330    0.000 c:\users\user\anaconda3\envs\tasc\lib\site-packages\pandas\core\indexes\base.py:3317(get_loc)
   244853    0.039    0.000    0.039    0.000 {built-in method builtins.issubclass}
     2783    0.038    0.000    0.038    0.000 {pandas._libs.algos.take_2d_axis1_float64_float64}
     3948    0.038    0.000    0.764    0.000 c:\users\user\anaconda3\envs\tasc\lib\site-packages\pandas\core\indexes\base.py:3787(reindex)
    49337    0.036    0.000    0.088    0.000 c:\users\user\anaconda3\envs\tasc\lib\site-packages\pandas\core\frame.py:1352(__len__)
     6676    0.036    0.000    0.240    0.000 c:\users\user\anaconda3\envs\tasc\lib\site-packages\pandas\core\generic.py:3817(_slice)
   157285    0.036    0.000    0.036    0.000 {pandas._libs.lib.item_from_zerodim}
     2783    0.036    0.000    0.047    0.000 {method 'get_indexer' of 'pandas._libs.index.IndexEngine' objects}
     3516    0.036    0.000    0.036    0.000 {method 'copy' of 'numpy.ndarray' objects}
    20063    0.035    0.000    0.035    0.000 {pandas._libs.lib.maybe_indices_to_slice}
     6683    0.034    0.000    0.365    0.000 c:\users\user\anaconda3\envs\tasc\lib\site-packages\pandas\core\indexes\base.py:6240(ensure_index_from_sequences)
   311389    0.034    0.000    0.034    0.000 {built-in method builtins.callable}
13352/6676    0.034    0.000    0.954    0.000 c:\users\user\anaconda3\envs\tasc\lib\site-packages\pandas\core\indexing.py:918(__getitem__)
    27945    0.034    0.000    0.164    0.000 c:\users\user\anaconda3\envs\tasc\lib\site-packages\pandas\core\indexes\base.py:5696(_maybe_cast_indexer)
   290607    0.033    0.000    0.033    0.000 c:\users\user\anaconda3\envs\tasc\lib\site-packages\pandas\core\indexes\range.py:372(inferred_type)
     3948    0.033    0.000    0.677    0.000 c:\users\user\anaconda3\envs\tasc\lib\site-packages\pandas\core\generic.py:4851(_reindex_with_indexers)
   179760    0.033    0.000    0.033    0.000 c:\users\user\anaconda3\envs\tasc\lib\site-packages\pandas\core\flags.py:51(allows_duplicate_labels)
   124017    0.032    0.000    0.101    0.000 c:\users\user\anaconda3\envs\tasc\lib\site-packages\pandas\core\internals\base.py:43(<genexpr>)
    20063    0.031    0.000    0.049    0.000 c:\users\user\anaconda3\envs\tasc\lib\site-packages\pandas\core\internals\blocks.py:326(getitem_block_columns)
    41373    0.031    0.000    0.072    0.000 <frozen importlib._bootstrap>:1009(_handle_fromlist)
      369    0.031    0.000    0.031    0.000 {method 'close' of '_io.BufferedReader' objects}
     7896    0.031    0.000    0.212    0.000 c:\users\user\anaconda3\envs\tasc\lib\site-packages\pandas\core\indexes\base.py:4729(equals)
     6683    0.030    0.000    0.101    0.000 c:\users\user\anaconda3\envs\tasc\lib\site-packages\pandas\core\internals\managers.py:909(_verify_integrity)
    13359    0.030    0.000    0.130    0.000 c:\users\user\anaconda3\envs\tasc\lib\site-packages\pandas\core\generic.py:761(_set_axis)
    10645    0.030    0.000    0.047    0.000 c:\users\user\anaconda3\envs\tasc\lib\site-packages\pandas\core\indexes\base.py:767(_engine)
    50427    0.028    0.000    0.037    0.000 c:\users\user\anaconda3\envs\tasc\lib\site-packages\pandas\core\common.py:151(cast_scalar_indexer)
      369    0.028    0.000   33.740    0.091 c:\users\user\anaconda3\envs\tasc\lib\site-packages\fpdf\fpdf.py:1519(_putimage)
     8349    0.027    0.000    0.356    0.000 c:\users\user\anaconda3\envs\tasc\lib\site-packages\pandas\core\internals\blocks.py:1122(take_nd)
    23976    0.027    0.000    0.036    0.000 c:\users\user\anaconda3\envs\tasc\lib\site-packages\pandas\core\generic.py:553(_get_axis)
   166298    0.026    0.000    0.026    0.000 {method 'get' of 'dict' objects}
     6683    0.026    0.000    0.056    0.000 c:\users\user\anaconda3\envs\tasc\lib\site-packages\pandas\core\indexes\numeric.py:140(_ensure_array)
     6683    0.026    0.000    0.100    0.000 c:\users\user\anaconda3\envs\tasc\lib\site-packages\pandas\core\indexes\base.py:511(_dtype_to_subclass)
    10631    0.026    0.000    0.083    0.000 c:\users\user\anaconda3\envs\tasc\lib\site-packages\pandas\core\frame.py:573(__init__)
    23997    0.025    0.000    0.025    0.000 {built-in method _abc._abc_instancecheck}
    17321    0.025    0.000    0.146    0.000 c:\users\user\anaconda3\envs\tasc\lib\site-packages\pandas\core\internals\managers.py:877(__init__)
   143912    0.025    0.000    0.025    0.000 c:\users\user\anaconda3\envs\tasc\lib\site-packages\pandas\core\series.py:507(_constructor)
     3948    0.025    0.000    0.054    0.000 c:\users\user\anaconda3\envs\tasc\lib\site-packages\pandas\core\indexes\base.py:1467(_validate_names)
    17815    0.024    0.000    0.044    0.000 c:\users\user\anaconda3\envs\tasc\lib\site-packages\pandas\core\dtypes\common.py:574(is_dtype_equal)
     3948    0.023    0.000    1.732    0.000 c:\users\user\anaconda3\envs\tasc\lib\site-packages\pandas\core\frame.py:4748(reindex)
    26794    0.023    0.000    0.138    0.000 {method 'any' of 'numpy.ndarray' objects}
    13359    0.023    0.000    0.079    0.000 c:\users\user\anaconda3\envs\tasc\lib\site-packages\pandas\core\internals\managers.py:214(set_axis)
    21715    0.023    0.000    0.023    0.000 c:\users\user\anaconda3\envs\tasc\lib\site-packages\pandas\core\array_algos\take.py:301(_get_take_nd_function)
     6676    0.022    0.000    0.292    0.000 c:\users\user\anaconda3\envs\tasc\lib\site-packages\pandas\core\indexing.py:1570(_get_slice_axis)
    13359    0.021    0.000    0.056    0.000 c:\users\user\anaconda3\envs\tasc\lib\site-packages\pandas\core\internals\base.py:45(_validate_set_axis)
    10624    0.021    0.000    0.130    0.000 c:\users\user\anaconda3\envs\tasc\lib\site-packages\pandas\core\generic.py:5535(_protect_consolidate)
    14586    0.021    0.000    0.024    0.000 c:\users\user\anaconda3\envs\tasc\lib\site-packages\pandas\core\series.py:528(_set_axis)
    24038    0.021    0.000    0.129    0.000 c:\users\user\anaconda3\envs\tasc\lib\site-packages\pandas\core\indexes\base.py:6280(ensure_index)
     6683    0.021    0.000    0.021    0.000 {built-in method numpy.zeros}
     2783    0.020    0.000    0.246    0.000 c:\users\user\anaconda3\envs\tasc\lib\site-packages\pandas\core\indexes\base.py:3426(get_indexer)
    27945    0.020    0.000    0.108    0.000 c:\users\user\anaconda3\envs\tasc\lib\site-packages\pandas\core\indexes\base.py:2130(is_floating)
     6683    0.020    0.000    0.154    0.000 c:\users\user\anaconda3\envs\tasc\lib\site-packages\pandas\core\internals\managers.py:2018(_preprocess_slice_or_indexer)
    17383    0.019    0.000    0.021    0.000 c:\users\user\anaconda3\envs\tasc\lib\site-packages\pandas\core\construction.py:431(ensure_wrapped_if_datetimelike)
     9494    0.019    0.000    0.048    0.000 c:\users\user\anaconda3\envs\tasc\lib\site-packages\pandas\core\dtypes\common.py:1264(is_bool_dtype)
    52026    0.019    0.000    0.019    0.000 c:\users\user\anaconda3\envs\tasc\lib\site-packages\pandas\core\internals\blocks.py:238(mgr_locs)
     3962    0.019    0.000    0.022    0.000 c:\users\user\anaconda3\envs\tasc\lib\site-packages\pandas\core\internals\managers.py:473(<listcomp>)
     3948    0.019    0.000    0.565    0.000 c:\users\user\anaconda3\envs\tasc\lib\site-packages\pandas\core\internals\managers.py:622(reindex_indexer)
   154536    0.018    0.000    0.018    0.000 {pandas._libs.lib.is_iterator}
     3948    0.018    0.000    0.101    0.000 c:\users\user\anaconda3\envs\tasc\lib\site-packages\pandas\core\dtypes\missing.py:381(array_equivalent)
    43937    0.018    0.000    0.024    0.000 c:\users\user\anaconda3\envs\tasc\lib\site-packages\pandas\core\indexes\range.py:806(__len__)
     6683    0.017    0.000    3.358    0.001 c:\users\user\anaconda3\envs\tasc\lib\site-packages\pandas\util\_decorators.py:302(wrapper)
     2783    0.017    0.000    0.459    0.000 c:\users\user\anaconda3\envs\tasc\lib\site-packages\pandas\core\internals\managers.py:674(<listcomp>)
    47454    0.017    0.000    0.021    0.000 c:\users\user\anaconda3\envs\tasc\lib\site-packages\pandas\core\dtypes\common.py:1543(get_dtype)
    21290    0.017    0.000    0.017    0.000 {method 'fill' of 'numpy.ndarray' objects}
    13011    0.016    0.000    0.054    0.000 c:\users\user\anaconda3\envs\tasc\lib\site-packages\pandas\core\dtypes\common.py:1141(needs_i8_conversion)
     3948    0.016    0.000    0.025    0.000 c:\users\user\anaconda3\envs\tasc\lib\site-packages\pandas\core\generic.py:507(_construct_axes_from_arguments)
        1    0.016    0.016    0.016    0.016 {method 'close' of '_io.BufferedWriter' objects}
    45224    0.016    0.000    0.016    0.000 c:\users\user\anaconda3\envs\tasc\lib\site-packages\pandas\core\generic.py:539(_get_axis_number)
     3948    0.016    0.000    0.026    0.000 c:\users\user\anaconda3\envs\tasc\lib\site-packages\pandas\util\_validators.py:253(validate_axis_style_args)
     8351    0.016    0.000    0.077    0.000 c:\users\user\anaconda3\envs\tasc\lib\site-packages\pandas\core\dtypes\missing.py:552(na_value_for_dtype)
     3948    0.016    0.000    0.101    0.000 c:\users\user\anaconda3\envs\tasc\lib\site-packages\pandas\core\indexes\range.py:466(copy)
    17397    0.016    0.000    0.073    0.000 c:\users\user\anaconda3\envs\tasc\lib\site-packages\pandas\core\construction.py:369(extract_array)
7918/7890    0.015    0.000    0.034    0.000 {built-in method numpy.core._multiarray_umath.implement_array_function}
    14586    0.015    0.000    0.046    0.000 c:\users\user\anaconda3\envs\tasc\lib\site-packages\pandas\core\series.py:1194(_set_as_cached)
    20063    0.015    0.000    0.158    0.000 {method 'max' of 'numpy.ndarray' objects}
    21729    0.015    0.000    0.019    0.000 c:\users\user\anaconda3\envs\tasc\lib\site-packages\pandas\core\dtypes\common.py:154(<lambda>)
    18575    0.014    0.000    0.057    0.000 c:\users\user\anaconda3\envs\tasc\lib\site-packages\pandas\core\dtypes\base.py:263(is_dtype)
    21269    0.014    0.000    0.813    0.000 c:\users\user\anaconda3\envs\tasc\lib\site-packages\pandas\core\internals\managers.py:158(blknos)
    10624    0.014    0.000    0.100    0.000 c:\users\user\anaconda3\envs\tasc\lib\site-packages\pandas\core\generic.py:5553(f)
     2783    0.014    0.000    0.014    0.000 {pandas._libs.algos.take_2d_axis1_int64_float64}
     3948    0.014    0.000    1.454    0.000 c:\users\user\anaconda3\envs\tasc\lib\site-packages\pandas\core\frame.py:4598(_reindex_index)
    18527    0.014    0.000    0.033    0.000 c:\users\user\anaconda3\envs\tasc\lib\site-packages\pandas\core\indexes\base.py:6382(maybe_extract_name)
    26746    0.014    0.000    0.023    0.000 c:\users\user\anaconda3\envs\tasc\lib\site-packages\pandas\core\internals\managers.py:911(<genexpr>)
     8349    0.014    0.000    0.014    0.000 c:\users\user\anaconda3\envs\tasc\lib\site-packages\pandas\core\dtypes\cast.py:467(maybe_promote)
     4015    0.013    0.000    0.019    0.000 c:\users\user\anaconda3\envs\tasc\lib\site-packages\numpy\core\_dtype.py:333(_name_get)
    14586    0.013    0.000    0.013    0.000 c:\users\user\anaconda3\envs\tasc\lib\site-packages\pandas\core\internals\blocks.py:349(iget)
    26794    0.013    0.000    0.116    0.000 c:\users\user\anaconda3\envs\tasc\lib\site-packages\numpy\core\_methods.py:44(_any)
     6676    0.013    0.000    0.814    0.000 c:\users\user\anaconda3\envs\tasc\lib\site-packages\pandas\core\indexing.py:1111(_get_label)
       21    0.012    0.001    0.022    0.001 c:\users\user\anaconda3\envs\tasc\lib\site-packages\pandas\core\internals\managers.py:1974(_merge_blocks)
     2797    0.012    0.000    0.029    0.000 c:\users\user\anaconda3\envs\tasc\lib\site-packages\pandas\core\internals\blocks.py:1875(get_block_type)
    13366    0.012    0.000    0.015    0.000 c:\users\user\anaconda3\envs\tasc\lib\site-packages\pandas\core\dtypes\common.py:1474(is_ea_or_datetimelike_dtype)
      369    0.012    0.000    6.443    0.017 c:\users\user\anaconda3\envs\tasc\lib\site-packages\fpdf\fpdf.py:1713(_parsejpg)
     3948    0.012    0.000    1.466    0.000 c:\users\user\anaconda3\envs\tasc\lib\site-packages\pandas\core\frame.py:4581(_reindex_axes)
    10624    0.012    0.000    0.015    0.000 c:\users\user\anaconda3\envs\tasc\lib\site-packages\pandas\core\generic.py:559(_get_block_manager_axis)
     3948    0.012    0.000    0.034    0.000 c:\users\user\anaconda3\envs\tasc\lib\site-packages\pandas\core\indexes\range.py:105(__new__)
    13456    0.012    0.000    0.016    0.000 c:\users\user\anaconda3\envs\tasc\lib\site-packages\pandas\core\dtypes\common.py:1420(is_extension_array_dtype)
    13352    0.012    0.000    0.022    0.000 c:\users\user\anaconda3\envs\tasc\lib\site-packages\pandas\core\generic.py:3834(_set_is_copy)
     2783    0.011    0.000    0.011    0.000 {pandas._libs.algos.take_2d_axis0_object_object}
      372    0.011    0.000    6.462    0.017 c:\users\user\anaconda3\envs\tasc\lib\site-packages\fpdf\fpdf.py:957(image)
     2783    0.011    0.000    0.070    0.000 c:\users\user\anaconda3\envs\tasc\lib\site-packages\pandas\core\indexes\base.py:3488(_get_indexer)
    23997    0.011    0.000    0.037    0.000 c:\users\user\anaconda3\envs\tasc\lib\abc.py:137(__instancecheck__)
     3962    0.011    0.000    0.034    0.000 c:\users\user\anaconda3\envs\tasc\lib\site-packages\pandas\core\internals\managers.py:472(_consolidate_check)
     2797    0.011    0.000    0.075    0.000 c:\users\user\anaconda3\envs\tasc\lib\site-packages\pandas\core\internals\blocks.py:1916(new_block)
    10624    0.011    0.000    0.141    0.000 c:\users\user\anaconda3\envs\tasc\lib\site-packages\pandas\core\generic.py:5549(_consolidate_inplace)
     6683    0.011    0.000    0.042    0.000 c:\users\user\anaconda3\envs\tasc\lib\site-packages\pandas\core\indexes\base.py:763(_cleanup)
    83384    0.011    0.000    0.011    0.000 {method 'append' of 'list' objects}
     9542    0.011    0.000    0.026    0.000 c:\users\user\anaconda3\envs\tasc\lib\site-packages\pandas\core\dtypes\common.py:160(is_object_dtype)
     6676    0.010    0.000    0.314    0.000 c:\users\user\anaconda3\envs\tasc\lib\site-packages\pandas\core\indexing.py:1535(_getitem_axis)
      455    0.010    0.000    0.010    0.000 {method 'decode' of 'bytes' objects}
     6683    0.010    0.000    0.020    0.000 <__array_function__ internals>:2(ndim)
     1172    0.010    0.000    0.068    0.000 c:\users\user\anaconda3\envs\tasc\lib\site-packages\pandas\core\internals\managers.py:276(apply)
       39    0.010    0.000    0.010    0.000 {built-in method builtins.print}
     7896    0.010    0.000    0.031    0.000 c:\users\user\anaconda3\envs\tasc\lib\site-packages\pandas\core\generic.py:4796(<genexpr>)
    13414    0.010    0.000    0.044    0.000 c:\users\user\anaconda3\envs\tasc\lib\site-packages\pandas\core\internals\managers.py:464(is_consolidated)
     3948    0.010    0.000    0.036    0.000 c:\users\user\anaconda3\envs\tasc\lib\site-packages\pandas\core\indexes\range.py:179(_data)
    27623    0.010    0.000    0.046    0.000 c:\users\user\anaconda3\envs\tasc\lib\site-packages\pandas\core\indexes\base.py:4379(_values)
    20063    0.010    0.000    0.143    0.000 c:\users\user\anaconda3\envs\tasc\lib\site-packages\numpy\core\_methods.py:28(_amax)
     6676    0.010    0.000    0.026    0.000 c:\users\user\anaconda3\envs\tasc\lib\site-packages\pandas\core\indexes\base.py:4631(_getitem_slice)
     3948    0.009    0.000    0.020    0.000 c:\users\user\anaconda3\envs\tasc\lib\site-packages\pandas\core\generic.py:4839(_needs_reindex_multi)
    13373    0.009    0.000    0.013    0.000 c:\users\user\anaconda3\envs\tasc\lib\site-packages\pandas\core\frame.py:3868(_clear_item_cache)
     6676    0.009    0.000    0.018    0.000 c:\users\user\anaconda3\envs\tasc\lib\site-packages\pandas\core\indexes\base.py:3677(_validate_positional_slice)
     6683    0.009    0.000    0.010    0.000 c:\users\user\anaconda3\envs\tasc\lib\site-packages\pandas\util\_decorators.py:214(_format_argument_list)
    50427    0.009    0.000    0.009    0.000 {pandas._libs.lib.is_float}
     2783    0.009    0.000    0.051    0.000 c:\users\user\anaconda3\envs\tasc\lib\site-packages\pandas\core\indexes\base.py:3516(_check_indexing_method)
     2783    0.009    0.000    0.052    0.000 c:\users\user\anaconda3\envs\tasc\lib\site-packages\pandas\core\indexes\base.py:5435(_should_compare)
    55679    0.009    0.000    0.009    0.000 {pandas._libs.algos.ensure_platform_int}
     2783    0.009    0.000    0.025    0.000 c:\users\user\anaconda3\envs\tasc\lib\site-packages\pandas\core\indexes\base.py:5353(_maybe_promote)
    26725    0.009    0.000    0.009    0.000 c:\users\user\anaconda3\envs\tasc\lib\site-packages\pandas\core\internals\managers.py:245(items)
     6683    0.008    0.000    0.011    0.000 c:\users\user\anaconda3\envs\tasc\lib\site-packages\pandas\core\generic.py:3972(_check_inplace_and_allows_duplicate_labels)
    13428    0.008    0.000    0.012    0.000 c:\users\user\anaconda3\envs\tasc\lib\site-packages\pandas\core\indexes\base.py:4405(_get_engine_target)
    11132    0.008    0.000    0.040    0.000 c:\users\user\anaconda3\envs\tasc\lib\site-packages\pandas\core\dtypes\common.py:496(is_categorical_dtype)
     6683    0.008    0.000    0.008    0.000 {method 'nonzero' of 'numpy.ndarray' objects}
     6683    0.008    0.000    0.018    0.000 c:\users\user\anaconda3\envs\tasc\lib\site-packages\pandas\core\dtypes\common.py:779(is_unsigned_integer_dtype)
     1626    0.008    0.000    0.012    0.000 c:\users\user\anaconda3\envs\tasc\lib\ntpath.py:122(splitdrive)
     3948    0.008    0.000    0.010    0.000 c:\users\user\anaconda3\envs\tasc\lib\site-packages\pandas\core\indexes\frozen.py:67(__getitem__)
     8349    0.008    0.000    0.085    0.000 c:\users\user\anaconda3\envs\tasc\lib\site-packages\pandas\core\internals\blocks.py:232(fill_value)
     3955    0.008    0.000    0.009    0.000 c:\users\user\anaconda3\envs\tasc\lib\site-packages\pandas\core\internals\managers.py:922(from_blocks)
    10624    0.008    0.000    0.073    0.000 c:\users\user\anaconda3\envs\tasc\lib\site-packages\pandas\core\internals\managers.py:599(consolidate)
       87    0.008    0.000    0.008    0.000 {method 'encode' of 'str' objects}
    21269    0.008    0.000    0.008    0.000 c:\users\user\anaconda3\envs\tasc\lib\site-packages\pandas\core\internals\managers.py:174(blklocs)
     6683    0.008    0.000    0.022    0.000 c:\users\user\anaconda3\envs\tasc\lib\site-packages\pandas\core\dtypes\common.py:725(is_signed_integer_dtype)
     7896    0.008    0.000    0.009    0.000 c:\users\user\anaconda3\envs\tasc\lib\site-packages\pandas\core\indexes\base.py:1500(_get_names)
     6683    0.007    0.000    0.007    0.000 {pandas._libs.internals.get_blkno_placements}
     2783    0.007    0.000    0.019    0.000 c:\users\user\anaconda3\envs\tasc\lib\site-packages\pandas\core\dtypes\dtypes.py:1201(is_dtype)
     1713    0.007    0.000    0.007    0.000 c:\users\user\anaconda3\envs\tasc\lib\site-packages\fpdf\php.py:13(sprintf)
     3955    0.007    0.000    0.007    0.000 {built-in method builtins.sorted}
      813    0.007    0.000    0.021    0.000 c:\users\user\anaconda3\envs\tasc\lib\ntpath.py:75(join)
     6676    0.007    0.000    0.007    0.000 c:\users\user\anaconda3\envs\tasc\lib\site-packages\pandas\core\indexing.py:270(loc)
    20049    0.007    0.000    0.009    0.000 c:\users\user\anaconda3\envs\tasc\lib\site-packages\pandas\core\internals\managers.py:885(<genexpr>)
     2797    0.006    0.000    0.013    0.000 c:\users\user\anaconda3\envs\tasc\lib\site-packages\pandas\core\dtypes\common.py:190(is_sparse)
     1165    0.006    0.000    0.016    0.000 c:\users\user\anaconda3\envs\tasc\lib\site-packages\numpy\core\numeric.py:2287(array_equal)
        1    0.006    0.006   33.747   33.747 c:\users\user\anaconda3\envs\tasc\lib\site-packages\fpdf\fpdf.py:1507(_putimages)
    43428    0.006    0.000    0.006    0.000 {method 'pop' of 'dict' objects}
        1    0.006    0.006   45.468   45.468 c:\users\user\anaconda3\envs\tasc\lib\site-packages\fpdf\fpdf.py:1634(_enddoc)
     3948    0.006    0.000    1.738    0.000 c:\users\user\anaconda3\envs\tasc\lib\site-packages\pandas\util\_decorators.py:322(wrapper)
     6676    0.006    0.000    0.011    0.000 c:\users\user\anaconda3\envs\tasc\lib\site-packages\pandas\core\generic.py:4000(_is_view)
     2783    0.006    0.000    0.025    0.000 c:\users\user\anaconda3\envs\tasc\lib\site-packages\pandas\core\dtypes\common.py:458(is_interval_dtype)
     7896    0.006    0.000    0.008    0.000 c:\users\user\anaconda3\envs\tasc\lib\site-packages\pandas\core\indexes\base.py:725(is_)
     2783    0.006    0.000    0.014    0.000 c:\users\user\anaconda3\envs\tasc\lib\site-packages\pandas\core\dtypes\common.py:1188(is_numeric_dtype)
     8349    0.006    0.000    0.048    0.000 c:\users\user\anaconda3\envs\tasc\lib\site-packages\pandas\core\indexes\base.py:5341(_index_as_unique)
    20063    0.006    0.000    0.006    0.000 c:\users\user\anaconda3\envs\tasc\lib\site-packages\pandas\core\internals\blocks.py:340(shape)
     3962    0.006    0.000    0.088    0.000 c:\users\user\anaconda3\envs\tasc\lib\site-packages\pandas\core\indexes\base.py:2382(inferred_type)
     3955    0.006    0.000    0.016    0.000 c:\users\user\anaconda3\envs\tasc\lib\site-packages\pandas\core\indexes\range.py:461(_view)
     5566    0.006    0.000    0.010    0.000 c:\users\user\anaconda3\envs\tasc\lib\site-packages\pandas\core\indexes\base.py:2058(is_boolean)
     5580    0.005    0.000    0.014    0.000 c:\users\user\anaconda3\envs\tasc\lib\site-packages\pandas\core\dtypes\common.py:673(is_integer_dtype)
     6731    0.005    0.000    0.008    0.000 c:\users\user\anaconda3\envs\tasc\lib\site-packages\pandas\core\missing.py:883(clean_reindex_fill_method)
     3948    0.005    0.000    0.007    0.000 c:\users\user\anaconda3\envs\tasc\lib\site-packages\pandas\core\generic.py:547(_get_axis_name)
     6683    0.005    0.000    0.007    0.000 c:\users\user\anaconda3\envs\tasc\lib\site-packages\pandas\util\_validators.py:213(validate_bool_kwarg)
    21729    0.005    0.000    0.005    0.000 c:\users\user\anaconda3\envs\tasc\lib\site-packages\pandas\core\dtypes\common.py:149(classes_and_not_datetimelike)
      455    0.005    0.000    7.809    0.017 c:\users\user\anaconda3\envs\tasc\lib\site-packages\fpdf\fpdf.py:1901(_putstream)
     2783    0.005    0.000    0.080    0.000 c:\users\user\anaconda3\envs\tasc\lib\site-packages\pandas\core\internals\blocks.py:246(make_block)
     6676    0.005    0.000    0.007    0.000 c:\users\user\anaconda3\envs\tasc\lib\site-packages\pandas\core\indexing.py:965(_validate_key)
     3516    0.005    0.000    0.047    0.000 c:\users\user\anaconda3\envs\tasc\lib\site-packages\pandas\core\internals\blocks.py:646(copy)
     3948    0.005    0.000    0.009    0.000 c:\users\user\anaconda3\envs\tasc\lib\site-packages\pandas\core\indexes\base.py:1456(name)
      545    0.005    0.000    2.747    0.005 c:\users\user\anaconda3\envs\tasc\lib\site-packages\fpdf\fpdf.py:1700(_newobj)
     6676    0.005    0.000    0.005    0.000 c:\users\user\anaconda3\envs\tasc\lib\site-packages\pandas\core\internals\managers.py:486(is_view)
       22    0.005    0.000    3.230    0.147 \\metlab25\d\pybatch\batch_calculations.py:1251(make_param_vs_param_page)
     2797    0.004    0.000    0.007    0.000 c:\users\user\anaconda3\envs\tasc\lib\site-packages\pandas\core\internals\blocks.py:1931(check_ndim)
        1    0.004    0.004    4.547    4.547 c:\users\user\anaconda3\envs\tasc\lib\site-packages\fpdf\fpdf.py:1565(_putxobjectdict)
     6683    0.004    0.000    0.005    0.000 c:\users\user\anaconda3\envs\tasc\lib\site-packages\pandas\core\internals\managers.py:219(is_single_block)
     6676    0.004    0.000    0.004    0.000 c:\users\user\anaconda3\envs\tasc\lib\site-packages\pandas\core\indexing.py:133(iloc)
     3948    0.004    0.000    0.006    0.000 c:\users\user\anaconda3\envs\tasc\lib\site-packages\pandas\core\generic.py:536(<dictcomp>)
     1172    0.004    0.000    0.087    0.000 c:\users\user\anaconda3\envs\tasc\lib\site-packages\pandas\core\internals\managers.py:570(copy)
    19740    0.004    0.000    0.004    0.000 c:\users\user\anaconda3\envs\tasc\lib\site-packages\pandas\core\indexes\base.py:1449(name)
     3948    0.004    0.000    0.020    0.000 c:\users\user\anaconda3\envs\tasc\lib\site-packages\pandas\core\indexes\base.py:716(_rename)
     6683    0.004    0.000    0.004    0.000 c:\users\user\anaconda3\envs\tasc\lib\site-packages\pandas\core\frame.py:780(axes)
     3948    0.004    0.000    0.015    0.000 c:\users\user\anaconda3\envs\tasc\lib\site-packages\pandas\core\indexes\base.py:4808(identical)
     2330    0.004    0.000    0.011    0.000 c:\users\user\anaconda3\envs\tasc\lib\site-packages\pandas\core\dtypes\dtypes.py:950(is_dtype)
      442    0.004    0.000    0.005    0.000 c:\users\user\anaconda3\envs\tasc\lib\site-packages\fpdf\fpdf.py:347(get_string_width)
    10631    0.004    0.000    0.004    0.000 c:\users\user\anaconda3\envs\tasc\lib\site-packages\pandas\core\frame.py:564(_constructor)
     3948    0.004    0.000    0.010    0.000 c:\users\user\anaconda3\envs\tasc\lib\site-packages\pandas\core\common.py:213(count_not_none)
        2    0.004    0.002    0.004    0.002 {built-in method nt.listdir}
     2790    0.004    0.000    0.004    0.000 c:\users\user\anaconda3\envs\tasc\lib\site-packages\pandas\core\indexes\numeric.py:126(inferred_type)
     5127    0.004    0.000    0.005    0.000 c:\users\user\anaconda3\envs\tasc\lib\site-packages\pandas\core\dtypes\common.py:1744(pandas_dtype)
     2783    0.003    0.000    0.016    0.000 c:\users\user\anaconda3\envs\tasc\lib\site-packages\pandas\core\indexes\base.py:6445(unpack_nested_dtype)
     6676    0.003    0.000    0.003    0.000 c:\users\user\anaconda3\envs\tasc\lib\site-packages\pandas\core\indexing.py:2469(need_slice)
     3948    0.003    0.000    0.003    0.000 {method 'pop' of 'list' objects}
     3537    0.003    0.000    0.006    0.000 c:\users\user\anaconda3\envs\tasc\lib\site-packages\pandas\core\internals\blocks.py:1995(extend_blocks)
    11879    0.003    0.000    0.003    0.000 c:\users\user\anaconda3\envs\tasc\lib\site-packages\pandas\core\internals\blocks.py:344(dtype)
     3321    0.003    0.000    0.003    0.000 {built-in method _struct.unpack}
    13373    0.003    0.000    0.003    0.000 {method 'clear' of 'dict' objects}
     2330    0.003    0.000    0.011    0.000 c:\users\user\anaconda3\envs\tasc\lib\site-packages\pandas\core\dtypes\common.py:996(is_datetime_or_timedelta_dtype)
     2344    0.003    0.000    0.011    0.000 c:\users\user\anaconda3\envs\tasc\lib\site-packages\pandas\core\indexes\base.py:848(view)
     2330    0.003    0.000    0.007    0.000 c:\users\user\anaconda3\envs\tasc\lib\site-packages\pandas\core\dtypes\common.py:532(is_string_dtype)
     6683    0.003    0.000    0.003    0.000 c:\users\user\anaconda3\envs\tasc\lib\site-packages\pandas\core\generic.py:652(ndim)
    10631    0.003    0.000    0.003    0.000 c:\users\user\anaconda3\envs\tasc\lib\site-packages\pandas\core\indexes\numeric.py:176(_validate_dtype)
       14    0.003    0.000    2.222    0.159 \\metlab25\d\pybatch\batch_calculations.py:935(make_y_pos_time_page)
     6676    0.003    0.000    0.007    0.000 c:\users\user\anaconda3\envs\tasc\lib\site-packages\pandas\core\indexers.py:66(is_list_like_indexer)
     2330    0.003    0.000    0.011    0.000 c:\users\user\anaconda3\envs\tasc\lib\site-packages\pandas\core\dtypes\common.py:347(is_datetime64tz_dtype)
     6683    0.003    0.000    0.003    0.000 c:\users\user\anaconda3\envs\tasc\lib\site-packages\pandas\core\indexes\numeric.py:187(_ensure_dtype)
     4015    0.003    0.000    0.003    0.000 c:\users\user\anaconda3\envs\tasc\lib\site-packages\numpy\core\_dtype.py:36(_kind_name)
     2337    0.003    0.000    0.008    0.000 c:\users\user\anaconda3\envs\tasc\lib\site-packages\pandas\core\indexes\base.py:707(_view)
       14    0.003    0.000    0.003    0.000 {method 'unique' of 'pandas._libs.hashtable.Int64HashTable' objects}
        1    0.003    0.003   45.767   45.767 c:\users\user\anaconda3\envs\tasc\lib\site-packages\fpdf\fpdf.py:1061(output)
     2330    0.003    0.000    0.013    0.000 c:\users\user\anaconda3\envs\tasc\lib\site-packages\pandas\core\dtypes\common.py:422(is_period_dtype)
    14586    0.003    0.000    0.003    0.000 c:\users\user\anaconda3\envs\tasc\lib\site-packages\pandas\core\indexes\numeric.py:296(_is_all_dates)
      742    0.002    0.000    6.472    0.009 c:\users\user\anaconda3\envs\tasc\lib\site-packages\fpdf\fpdf.py:145(wrapper)
     2783    0.002    0.000    0.016    0.000 c:\users\user\anaconda3\envs\tasc\lib\site-packages\pandas\core\indexes\numeric.py:280(_is_comparable_dtype)
     6731    0.002    0.000    0.002    0.000 c:\users\user\anaconda3\envs\tasc\lib\site-packages\pandas\core\missing.py:102(clean_fill_method)
     7907    0.002    0.000    0.002    0.000 {method 'keys' of 'dict' objects}
     2797    0.002    0.000    0.007    0.000 c:\users\user\anaconda3\envs\tasc\lib\site-packages\pandas\core\internals\blocks.py:1973(extract_pandas_array)
     6683    0.002    0.000    0.002    0.000 c:\users\user\anaconda3\envs\tasc\lib\site-packages\numpy\core\fromnumeric.py:3037(ndim)
     3948    0.002    0.000    0.002    0.000 {method 'update' of 'dict' objects}
     3948    0.002    0.000    0.003    0.000 c:\users\user\anaconda3\envs\tasc\lib\site-packages\pandas\core\indexes\base.py:6340(ensure_has_len)
       86    0.002    0.000    0.002    0.000 {built-in method zlib.compress}
     2344    0.002    0.000    0.014    0.000 c:\users\user\anaconda3\envs\tasc\lib\site-packages\pandas\core\internals\managers.py:588(copy_func)
     3948    0.002    0.000    0.002    0.000 c:\users\user\anaconda3\envs\tasc\lib\site-packages\pandas\core\indexes\range.py:241(start)
    13435    0.002    0.000    0.002    0.000 c:\users\user\anaconda3\envs\tasc\lib\site-packages\pandas\core\indexes\base.py:774(<lambda>)
     2790    0.002    0.000    0.027    0.000 c:\users\user\anaconda3\envs\tasc\lib\site-packages\pandas\core\internals\managers.py:615(_consolidate_inplace)
    11844    0.002    0.000    0.002    0.000 c:\users\user\anaconda3\envs\tasc\lib\site-packages\pandas\core\common.py:217(<genexpr>)
     1165    0.002    0.000    0.020    0.000 <__array_function__ internals>:2(array_equal)
      352    0.002    0.000    0.008    0.000 c:\users\user\anaconda3\envs\tasc\lib\site-packages\fpdf\fpdf.py:682(cell)
     2783    0.002    0.000    0.004    0.000 c:\users\user\anaconda3\envs\tasc\lib\site-packages\pandas\core\indexes\base.py:5705(_maybe_cast_listlike_indexer)
     2330    0.002    0.000    0.004    0.000 c:\users\user\anaconda3\envs\tasc\lib\site-packages\pandas\core\dtypes\common.py:1519(_is_dtype)
     1165    0.002    0.000    0.043    0.000 c:\users\user\anaconda3\envs\tasc\lib\site-packages\pandas\core\dtypes\common.py:1084(is_datetimelike_v_numeric)
     3051    0.002    0.000    0.002    0.000 {method 'replace' of 'str' objects}
     2783    0.002    0.000    0.003    0.000 c:\users\user\anaconda3\envs\tasc\lib\site-packages\pandas\core\indexes\base.py:3770(_validate_can_reindex)
     7899    0.002    0.000    0.002    0.000 {method 'items' of 'dict' objects}
     6683    0.002    0.000    0.002    0.000 {pandas._libs.lib.is_bool}
     4015    0.002    0.000    0.002    0.000 c:\users\user\anaconda3\envs\tasc\lib\site-packages\numpy\core\_dtype.py:319(_name_includes_bit_suffix)
     2783    0.002    0.000    0.006    0.000 c:\users\user\anaconda3\envs\tasc\lib\site-packages\pandas\core\indexes\base.py:2410(_is_multi)
      348    0.002    0.000    0.003    0.000 c:\users\user\anaconda3\envs\tasc\lib\site-packages\fpdf\fpdf.py:565(set_font)
     6683    0.002    0.000    0.002    0.000 c:\users\user\anaconda3\envs\tasc\lib\site-packages\numpy\core\fromnumeric.py:3033(_ndim_dispatcher)
     3955    0.002    0.000    0.002    0.000 c:\users\user\anaconda3\envs\tasc\lib\site-packages\pandas\core\indexes\base.py:818(dtype)
     1165    0.001    0.000    0.003    0.000 c:\users\user\anaconda3\envs\tasc\lib\site-packages\pandas\core\dtypes\common.py:1487(is_complex_dtype)
     6683    0.001    0.000    0.001    0.000 c:\users\user\anaconda3\envs\tasc\lib\site-packages\pandas\core\indexes\base.py:220(disallow_kwargs)
     2439    0.001    0.000    0.001    0.000 {built-in method nt.fspath}
       86    0.001    0.000    0.004    0.000 c:\users\user\anaconda3\envs\tasc\lib\site-packages\fpdf\fpdf.py:248(add_page)
     3948    0.001    0.000    0.001    0.000 c:\users\user\anaconda3\envs\tasc\lib\site-packages\pandas\core\indexes\range.py:264(stop)
     2330    0.001    0.000    0.001    0.000 c:\users\user\anaconda3\envs\tasc\lib\site-packages\pandas\core\dtypes\common.py:561(condition)
     1165    0.001    0.000    0.008    0.000 {method 'all' of 'numpy.ndarray' objects}
     1172    0.001    0.000    0.015    0.000 c:\users\user\anaconda3\envs\tasc\lib\site-packages\pandas\core\internals\managers.py:591(<listcomp>)
      372    0.001    0.000    1.413    0.004 c:\users\user\anaconda3\envs\tasc\lib\genericpath.py:16(exists)
       26    0.001    0.000    1.064    0.041 \\metlab25\d\pybatch\batch_calculations.py:1048(make_average_page)
     1626    0.001    0.000    0.001    0.000 {method 'find' of 'str' objects}
       86    0.001    0.000    0.015    0.000 \\metlab25\d\pybatch\batch_calculations.py:689(new_page)
     3948    0.001    0.000    0.001    0.000 c:\users\user\anaconda3\envs\tasc\lib\site-packages\pandas\core\indexes\range.py:287(step)
     6676    0.001    0.000    0.001    0.000 c:\users\user\anaconda3\envs\tasc\lib\site-packages\pandas\core\indexes\base.py:3667(_get_partial_string_timestamp_match_key)
     2797    0.001    0.000    0.001    0.000 c:\users\user\anaconda3\envs\tasc\lib\site-packages\pandas\core\dtypes\common.py:1409(is_1d_only_ea_dtype)
     3948    0.001    0.000    0.001    0.000 {function FrozenList.__getitem__ at 0x000001E3E5859948}
     3948    0.001    0.000    0.001    0.000 c:\users\user\anaconda3\envs\tasc\lib\site-packages\pandas\core\indexes\base.py:1697(nlevels)
        1    0.001    0.001   21.939   21.939 \\metlab25\d\pybatch\batch_calculations.py:1457(make_MSD_pages)
     6683    0.001    0.000    0.001    0.000 {method 'clear_mapping' of 'pandas._libs.index.IndexEngine' objects}
     1165    0.001    0.000    0.007    0.000 c:\users\user\anaconda3\envs\tasc\lib\site-packages\numpy\core\_methods.py:47(_all)
     3951    0.001    0.000    0.001    0.000 {method 'values' of 'dict' objects}
      369    0.001    0.000    0.001    0.000 {built-in method _struct.unpack_from}
      369    0.001    0.000    0.001    0.000 {method 'seek' of '_io.BufferedReader' objects}
     2797    0.001    0.000    0.001    0.000 c:\users\user\anaconda3\envs\tasc\lib\typing.py:893(cast)
        1    0.001    0.001    0.502    0.502 \\metlab25\d\pybatch\batch_calculations.py:1334(make_wave_pages)
        1    0.000    0.000    0.007    0.007 c:\users\user\anaconda3\envs\tasc\lib\site-packages\fpdf\fpdf.py:1118(_putpages)
      369    0.000    0.000    0.001    0.000 c:\users\user\anaconda3\envs\tasc\lib\site-packages\fpdf\php.py:8(substr)
      794    0.000    0.000    0.000    0.000 c:\users\user\anaconda3\envs\tasc\lib\site-packages\fpdf\fpdf.py:1095(normalize_text)
       86    0.000    0.000    0.000    0.000 c:\users\user\anaconda3\envs\tasc\lib\site-packages\fpdf\fpdf.py:1667(_beginpage)
      354    0.000    0.000    0.001    0.000 c:\users\user\anaconda3\envs\tasc\lib\site-packages\fpdf\fpdf.py:1897(_escape)
     1172    0.000    0.000    0.000    0.000 c:\users\user\anaconda3\envs\tasc\lib\site-packages\pandas\core\internals\managers.py:305(<dictcomp>)
     1165    0.000    0.000    0.000    0.000 c:\users\user\anaconda3\envs\tasc\lib\site-packages\numpy\core\numeric.py:2283(_array_equal_dispatcher)
      369    0.000    0.000    0.000    0.000 {method 'rfind' of 'str' objects}
      719    0.000    0.000    0.000    0.000 {method 'lower' of 'str' objects}
        1    0.000    0.000    0.190    0.190 \\metlab25\d\pybatch\batch_calculations.py:798(make_sunplot_page)
       14    0.000    0.000    0.004    0.000 c:\users\user\anaconda3\envs\tasc\lib\site-packages\pandas\core\algorithms.py:327(unique)
        3    0.000    0.000    0.001    0.000 \\metlab25\d\pybatch\batch_calculations.py:715(write_table_to_pdf)
        7    0.000    0.000    0.012    0.002 c:\users\user\anaconda3\envs\tasc\lib\site-packages\pandas\core\generic.py:5818(copy)
        1    0.000    0.000    0.070    0.070 \\metlab25\d\pybatch\batch_calculations.py:1378(make_displacement_page)
        1    0.000    0.000    0.000    0.000 c:\users\user\anaconda3\envs\tasc\lib\site-packages\fpdf\fpdf.py:1511(<listcomp>)
       14    0.000    0.000    0.004    0.000 c:\users\user\anaconda3\envs\tasc\lib\site-packages\pandas\core\base.py:969(unique)
        7    0.000    0.000    0.023    0.003 c:\users\user\anaconda3\envs\tasc\lib\site-packages\pandas\core\internals\managers.py:1957(_consolidate)
       14    0.000    0.000    0.000    0.000 c:\users\user\anaconda3\envs\tasc\lib\site-packages\numpy\core\_asarray.py:223(require)
       14    0.000    0.000    0.000    0.000 {method 'argsort' of 'numpy.ndarray' objects}
        1    0.000    0.000    0.000    0.000 c:\users\user\anaconda3\envs\tasc\lib\site-packages\fpdf\fpdf.py:1566(<listcomp>)
       35    0.000    0.000    0.000    0.000 c:\users\user\anaconda3\envs\tasc\lib\site-packages\pandas\core\internals\blocks.py:165(_consolidate_key)
       14    0.000    0.000    0.000    0.000 c:\users\user\anaconda3\envs\tasc\lib\site-packages\pandas\core\internals\managers.py:1985(<listcomp>)
       46    0.000    0.000    0.000    0.000 c:\users\user\anaconda3\envs\tasc\lib\site-packages\numpy\core\numerictypes.py:365(issubdtype)
       14    0.000    0.000    0.000    0.000 c:\users\user\anaconda3\envs\tasc\lib\site-packages\pandas\core\algorithms.py:299(_check_object_for_strings)
        1    0.000    0.000    4.633    4.633 c:\users\user\anaconda3\envs\tasc\lib\site-packages\fpdf\fpdf.py:1571(_putresourcedict)
        1    0.000    0.000    0.000    0.000 c:\users\user\anaconda3\envs\tasc\lib\site-packages\fpdf\fpdf.py:44(__init__)
        1    0.000    0.000    0.075    0.075 \\metlab25\d\pybatch\batch_calculations.py:1400(make_motility_page)
       14    0.000    0.000    0.000    0.000 c:\users\user\anaconda3\envs\tasc\lib\site-packages\pandas\core\algorithms.py:102(_ensure_data)
        1    0.000    0.000   38.431   38.431 c:\users\user\anaconda3\envs\tasc\lib\site-packages\fpdf\fpdf.py:1583(_putresources)
      364    0.000    0.000    0.000    0.000 {method 'upper' of 'str' objects}
       92    0.000    0.000    0.000    0.000 c:\users\user\anaconda3\envs\tasc\lib\site-packages\numpy\core\numerictypes.py:293(issubclass_)
        1    0.000    0.000    0.009    0.009 \\metlab25\d\pybatch\batch_calculations.py:574(make_output_folders)
       14    0.000    0.000    0.000    0.000 c:\users\user\anaconda3\envs\tasc\lib\site-packages\pandas\core\algorithms.py:182(_reconstruct_data)
       70    0.000    0.000    0.000    0.000 c:\users\user\anaconda3\envs\tasc\lib\site-packages\pandas\core\internals\managers.py:1962(<lambda>)
       46    0.000    0.000    0.000    0.000 {method 'format' of 'str' objects}
       14    0.000    0.000    0.009    0.001 c:\users\user\anaconda3\envs\tasc\lib\site-packages\numpy\core\shape_base.py:224(vstack)
       14    0.000    0.000    0.000    0.000 c:\users\user\anaconda3\envs\tasc\lib\site-packages\pandas\core\indexes\base.py:4638(_can_hold_identifiers_and_holds_name)
        1    0.000    0.000    0.003    0.003 \\metlab25\d\pybatch\batch_calculations.py:808(<listcomp>)
       28    0.000    0.000    0.009    0.000 <__array_function__ internals>:2(concatenate)
       14    0.000    0.000    0.000    0.000 c:\users\user\anaconda3\envs\tasc\lib\site-packages\numpy\core\fromnumeric.py:997(argsort)
       14    0.000    0.000    0.000    0.000 c:\users\user\anaconda3\envs\tasc\lib\site-packages\numpy\core\shape_base.py:83(atleast_2d)
       14    0.000    0.000    0.000    0.000 c:\users\user\anaconda3\envs\tasc\lib\site-packages\numpy\core\_asarray.py:300(<setcomp>)
        1    0.000    0.000    0.027    0.027 c:\users\user\anaconda3\envs\tasc\lib\site-packages\fpdf\fpdf.py:1594(_putinfo)
        1    0.000    0.000    0.073    0.073 \\metlab25\d\pybatch\batch_calculations.py:1526(make_cluster_page)
        1    0.000    0.000    0.000    0.000 \\metlab25\d\pybatch\batch_calculations.py:592(set_automatic_coords)
       86    0.000    0.000    0.000    0.000 c:\users\user\anaconda3\envs\tasc\lib\site-packages\fpdf\fpdf.py:312(footer)
       86    0.000    0.000    0.000    0.000 c:\users\user\anaconda3\envs\tasc\lib\site-packages\fpdf\fpdf.py:1696(_endpage)
        1    0.000    0.000    0.000    0.000 {method 'strftime' of 'datetime.date' objects}
        1    0.000    0.000    0.034    0.034 c:\users\user\anaconda3\envs\tasc\lib\site-packages\fpdf\fpdf.py:1629(_puttrailer)
       14    0.000    0.000    0.004    0.000 c:\users\user\anaconda3\envs\tasc\lib\site-packages\pandas\core\series.py:1980(unique)
       14    0.000    0.000    0.000    0.000 c:\users\user\anaconda3\envs\tasc\lib\site-packages\pandas\core\indexes\base.py:2218(is_object)
       14    0.000    0.000    0.001    0.000 c:\users\user\anaconda3\envs\tasc\lib\site-packages\pandas\core\algorithms.py:260(_get_hashtable_algo)
        4    0.000    0.000    0.000    0.000 {method 'sort' of 'list' objects}
      9/1    0.000    0.000    0.000    0.000 {built-in method _abc._abc_subclasscheck}
       14    0.000    0.000    0.000    0.000 c:\users\user\anaconda3\envs\tasc\lib\site-packages\numpy\core\shape_base.py:209(_arrays_for_stack_dispatcher)
        1    0.000    0.000    0.058    0.058 c:\users\user\anaconda3\envs\tasc\lib\site-packages\fpdf\fpdf.py:1608(_putcatalog)
       14    0.000    0.000    0.000    0.000 {method 'astype' of 'numpy.ndarray' objects}
        1    0.000    0.000    0.000    0.000 \\metlab25\d\pybatch\batch_calculations.py:671(create_pdf_file)
        2    0.000    0.000    0.000    0.000 {built-in method time.strftime}
       86    0.000    0.000    0.000    0.000 c:\users\user\anaconda3\envs\tasc\lib\site-packages\fpdf\fpdf.py:308(header)
        1    0.000    0.000    0.001    0.001 \\metlab25\d\pybatch\batch_calculations.py:751(make_third_page)
       14    0.000    0.000    0.009    0.001 <__array_function__ internals>:2(vstack)
       14    0.000    0.000    0.000    0.000 <__array_function__ internals>:2(argsort)
       14    0.000    0.000    0.000    0.000 c:\users\user\anaconda3\envs\tasc\lib\site-packages\numpy\core\fromnumeric.py:55(_wrapfunc)
        8    0.000    0.000    0.000    0.000 c:\users\user\anaconda3\envs\tasc\lib\_collections_abc.py:271(__subclasshook__)
        1    0.000    0.000    0.000    0.000 c:\users\user\anaconda3\envs\tasc\lib\site-packages\fpdf\fpdf.py:1191(_putfonts)
       14    0.000    0.000    0.000    0.000 c:\users\user\anaconda3\envs\tasc\lib\site-packages\pandas\core\generic.py:628(_info_axis)
       14    0.000    0.000    0.000    0.000 <__array_function__ internals>:2(atleast_2d)
        2    0.000    0.000    0.000    0.000 c:\users\user\anaconda3\envs\tasc\lib\site-packages\pandas\core\array_algos\take.py:266(_get_take_nd_function_cached)
       14    0.000    0.000    0.000    0.000 c:\users\user\anaconda3\envs\tasc\lib\site-packages\numpy\core\shape_base.py:220(_vhstack_dispatcher)
       14    0.000    0.000    0.000    0.000 c:\users\user\anaconda3\envs\tasc\lib\site-packages\pandas\core\internals\managers.py:1994(<listcomp>)
        3    0.000    0.000    0.000    0.000 c:\users\user\anaconda3\envs\tasc\lib\site-packages\pandas\core\dtypes\cast.py:514(_maybe_promote)
        3    0.000    0.000    0.000    0.000 c:\users\user\anaconda3\envs\tasc\lib\site-packages\pandas\core\dtypes\missing.py:606(is_valid_na_for_dtype)
       18    0.000    0.000    0.000    0.000 c:\users\user\anaconda3\envs\tasc\lib\site-packages\fpdf\fpdf.py:1024(ln)
        1    0.000    0.000    0.000    0.000 \\metlab25\d\pybatch\batch_calculations.py:734(make_first_page)
        1    0.000    0.000    0.000    0.000 {built-in method now}
       28    0.000    0.000    0.000    0.000 c:\users\user\anaconda3\envs\tasc\lib\site-packages\numpy\core\_asarray.py:88(asanyarray)
       14    0.000    0.000    0.000    0.000 c:\users\user\anaconda3\envs\tasc\lib\site-packages\pandas\core\algorithms.py:226(_ensure_arraylike)
       14    0.000    0.000    0.000    0.000 c:\users\user\anaconda3\envs\tasc\lib\site-packages\pandas\core\dtypes\common.py:314(is_datetime64_dtype)
        1    0.000    0.000   45.468   45.468 c:\users\user\anaconda3\envs\tasc\lib\site-packages\fpdf\fpdf.py:233(close)
       14    0.000    0.000    0.000    0.000 c:\users\user\anaconda3\envs\tasc\lib\site-packages\pandas\core\indexes\base.py:628(_constructor)
        4    0.000    0.000    0.000    0.000 {built-in method pandas._libs.missing.checknull}
       28    0.000    0.000    0.000    0.000 c:\users\user\anaconda3\envs\tasc\lib\site-packages\numpy\core\multiarray.py:145(concatenate)
        3    0.000    0.000    0.000    0.000 \\metlab25\d\pybatch\batch_calculations.py:724(<listcomp>)
       14    0.000    0.000    0.000    0.000 c:\users\user\anaconda3\envs\tasc\lib\site-packages\pandas\core\dtypes\common.py:388(is_timedelta64_dtype)
        1    0.000    0.000    0.000    0.000 c:\users\user\anaconda3\envs\tasc\lib\site-packages\fpdf\fpdf.py:1106(_dochecks)
        4    0.000    0.000    0.000    0.000 c:\users\user\anaconda3\envs\tasc\lib\site-packages\pandas\core\dtypes\missing.py:144(_isna)
        2    0.000    0.000    0.000    0.000 c:\users\user\anaconda3\envs\tasc\lib\_collections_abc.py:72(_check_methods)
        1    0.000    0.000    0.000    0.000 \\metlab25\d\pybatch\batch_calculations.py:740(make_second_page)
       14    0.000    0.000    0.000    0.000 c:\users\user\anaconda3\envs\tasc\lib\site-packages\numpy\core\fromnumeric.py:993(_argsort_dispatcher)
        2    0.000    0.000    0.000    0.000 \\metlab25\d\pybatch\batch_calculations.py:210(__has_attribute__)
      9/1    0.000    0.000    0.000    0.000 c:\users\user\anaconda3\envs\tasc\lib\abc.py:141(__subclasscheck__)
        1    0.000    0.000    0.000    0.000 c:\users\user\anaconda3\envs\tasc\lib\os.py:674(__getitem__)
        1    0.000    0.000    0.000    0.000 \\metlab25\d\pybatch\batch_calculations.py:760(<listcomp>)
        1    0.000    0.000    0.000    0.000 \\metlab25\d\pybatch\batch_calculations.py:753(<listcomp>)
        2    0.000    0.000    0.000    0.000 c:\users\user\anaconda3\envs\tasc\lib\site-packages\fpdf\fpdf.py:1893(_textstring)
        1    0.000    0.000    0.000    0.000 c:\users\user\anaconda3\envs\tasc\lib\site-packages\fpdf\fpdf.py:1574(<listcomp>)
       14    0.000    0.000    0.000    0.000 c:\users\user\anaconda3\envs\tasc\lib\site-packages\numpy\core\shape_base.py:79(_atleast_2d_dispatcher)
        1    0.000    0.000    0.000    0.000 c:\users\user\anaconda3\envs\tasc\lib\site-packages\fpdf\fpdf.py:181(set_display_mode)
        2    0.000    0.000    0.000    0.000 c:\users\user\anaconda3\envs\tasc\lib\site-packages\pandas\core\dtypes\cast.py:453(ensure_dtype_can_hold_na)
        1    0.000    0.000    0.000    0.000 c:\users\user\anaconda3\envs\tasc\lib\site-packages\numpy\core\_internal.py:830(npy_ctypes_check)
        1    0.000    0.000    0.000    0.000 c:\users\user\anaconda3\envs\tasc\lib\os.py:770(getenv)
        1    0.000    0.000    0.000    0.000 \\metlab25\d\pybatch\batch_calculations.py:758(<listcomp>)
        1    0.000    0.000    0.000    0.000 \\metlab25\d\pybatch\batch_calculations.py:763(<listcomp>)
        1    0.000    0.000    0.000    0.000 c:\users\user\anaconda3\envs\tasc\lib\site-packages\fpdf\fpdf.py:1227(<listcomp>)
        3    0.000    0.000    0.000    0.000 c:\users\user\anaconda3\envs\tasc\lib\site-packages\pandas\core\dtypes\cast.py:506(_maybe_promote_cached)
        4    0.000    0.000    0.000    0.000 c:\users\user\anaconda3\envs\tasc\lib\site-packages\pandas\core\dtypes\missing.py:61(isna)
        1    0.000    0.000    0.000    0.000 \\metlab25\d\pybatch\batch_calculations.py:755(<listcomp>)
        2    0.000    0.000    0.000    0.000 c:\users\user\anaconda3\envs\tasc\lib\site-packages\fpdf\fpdf.py:153(set_margins)
        1    0.000    0.000    0.000    0.000 c:\users\user\anaconda3\envs\tasc\lib\site-packages\fpdf\fpdf.py:175(set_auto_page_break)
        1    0.000    0.000    0.000    0.000 c:\users\user\anaconda3\envs\tasc\lib\site-packages\fpdf\fpdf.py:1626(_putheader)
        1    0.000    0.000    0.000    0.000 \\metlab25\d\pybatch\batch_calculations.py:754(<listcomp>)
        1    0.000    0.000    0.000    0.000 \\metlab25\d\pybatch\batch_calculations.py:756(<listcomp>)
        1    0.000    0.000    0.000    0.000 \\metlab25\d\pybatch\batch_calculations.py:759(<listcomp>)
        2    0.000    0.000    0.000    0.000 {built-in method builtins.min}
        1    0.000    0.000    0.000    0.000 \\metlab25\d\pybatch\batch_calculations.py:613(<listcomp>)
        1    0.000    0.000    0.000    0.000 \\metlab25\d\pybatch\batch_calculations.py:761(<listcomp>)
        3    0.000    0.000    0.000    0.000 {method 'join' of 'str' objects}
        1    0.000    0.000    0.000    0.000 c:\users\user\anaconda3\envs\tasc\lib\os.py:744(encodekey)
        1    0.000    0.000    0.000    0.000 c:\users\user\anaconda3\envs\tasc\lib\_collections_abc.py:349(__subclasshook__)
        1    0.000    0.000    0.000    0.000 c:\users\user\anaconda3\envs\tasc\lib\_collections_abc.py:657(get)
        1    0.000    0.000    0.000    0.000 \\metlab25\d\pybatch\batch_calculations.py:618(<listcomp>)
        1    0.000    0.000    0.000    0.000 \\metlab25\d\pybatch\batch_calculations.py:757(<listcomp>)
        1    0.000    0.000    0.000    0.000 c:\users\user\anaconda3\envs\tasc\lib\site-packages\fpdf\fpdf.py:229(open)
        1    0.000    0.000    0.000    0.000 c:\users\user\anaconda3\envs\tasc\lib\site-packages\fpdf\fpdf.py:196(set_compression)
        1    0.000    0.000    0.000    0.000 c:\users\user\anaconda3\envs\tasc\lib\os.py:738(check_str)
        1    0.000    0.000    0.000    0.000 {method 'remove' of 'list' objects}
        1    0.000    0.000    0.000    0.000 {method 'disable' of '_lsprof.Profiler' objects}


